#
# There is insufficient memory for the Java Runtime Environment to continue.
# Native memory allocation (malloc) failed to allocate 999056 bytes for Chunk::new
# Possible reasons:
#   The system is out of physical RAM or swap space
#   In 32 bit mode, the process size limit was hit
# Possible solutions:
#   Reduce memory load on the system
#   Increase physical memory or swap space
#   Check if swap backing store is full
#   Use 64 bit Java on a 64 bit OS
#   Decrease Java heap size (-Xmx/-Xms)
#   Decrease number of Java threads
#   Decrease Java thread stack sizes (-Xss)
#   Set larger code cache with -XX:ReservedCodeCacheSize=
# This output file may be truncated or incomplete.
#
#  Out of Memory Error (allocation.cpp:390), pid=29860, tid=0x0000000000008860
#
# JRE version: Java(TM) SE Runtime Environment (8.0_162-b12) (build 1.8.0_162-b12)
# Java VM: Java HotSpot(TM) 64-Bit Server VM (25.162-b12 mixed mode windows-amd64 compressed oops)
# Failed to write core dump. Minidumps are not enabled by default on client versions of Windows
#

---------------  T H R E A D  ---------------

Current thread (0x0000000019ca9000):  JavaThread "C2 CompilerThread1" daemon [_thread_in_native, id=34912, stack(0x000000001b520000,0x000000001b620000)]

Stack: [0x000000001b520000,0x000000001b620000]
[error occurred during error reporting (printing stack bounds), id 0xc0000005]

Native frames: (J=compiled Java code, j=interpreted, Vv=VM code, C=native code)


Current CompileTask:
C2:   7100 5065       4       groovy.lang.MetaClassImpl::checkIfStdMethod (179 bytes)


---------------  P R O C E S S  ---------------

Java Threads: ( => current thread )
  0x0000000021216800 JavaThread "File lock request listener" [_thread_in_native, id=33396, stack(0x0000000020480000,0x0000000020580000)]
  0x000000001cce5800 JavaThread "pool-1-thread-1" [_thread_blocked, id=29924, stack(0x000000001c5f0000,0x000000001c6f0000)]
  0x0000000019cfe800 JavaThread "Service Thread" daemon [_thread_blocked, id=27500, stack(0x000000001bb20000,0x000000001bc20000)]
  0x0000000019cac000 JavaThread "C1 CompilerThread2" daemon [_thread_blocked, id=27056, stack(0x000000001b620000,0x000000001b720000)]
=>0x0000000019ca9000 JavaThread "C2 CompilerThread1" daemon [_thread_in_native, id=34912, stack(0x000000001b520000,0x000000001b620000)]
  0x0000000019ca5000 JavaThread "C2 CompilerThread0" daemon [_thread_in_native, id=27576, stack(0x000000001b420000,0x000000001b520000)]
  0x0000000019cb3000 JavaThread "Attach Listener" daemon [_thread_blocked, id=27276, stack(0x000000001b320000,0x000000001b420000)]
  0x0000000019cb1800 JavaThread "Signal Dispatcher" daemon [_thread_blocked, id=35148, stack(0x000000001b220000,0x000000001b320000)]
  0x0000000019c90000 JavaThread "Finalizer" daemon [_thread_blocked, id=35088, stack(0x000000001af00000,0x000000001b000000)]
  0x00000000051a4800 JavaThread "Reference Handler" daemon [_thread_blocked, id=35788, stack(0x000000001ae00000,0x000000001af00000)]
  0x00000000050b4800 JavaThread "main" [_thread_in_vm, id=24904, stack(0x0000000004f40000,0x0000000005040000)]

Other Threads:
  0x0000000019c67800 VMThread [stack: 0x000000001ad00000,0x000000001ae00000] [id=22212]
  0x000000001b76b000 WatcherThread [stack: 0x000000001bc20000,0x000000001bd20000] [id=31592]

VM state:not at safepoint (normal execution)

VM Mutex/Monitor currently owned by a thread: None

Heap:
 PSYoungGen      total 99840K, used 83724K [0x00000000d6000000, 0x00000000dcf80000, 0x0000000100000000)
  eden space 89600K, 84% used [0x00000000d6000000,0x00000000daa10188,0x00000000db780000)
  from space 10240K, 76% used [0x00000000dc280000,0x00000000dca32f08,0x00000000dcc80000)
  to   space 11264K, 0% used [0x00000000db780000,0x00000000db780000,0x00000000dc280000)
 ParOldGen       total 61952K, used 18388K [0x0000000082000000, 0x0000000085c80000, 0x00000000d6000000)
  object space 61952K, 29% used [0x0000000082000000,0x00000000831f5358,0x0000000085c80000)
 Metaspace       used 44808K, capacity 45820K, committed 45952K, reserved 1089536K
  class space    used 6127K, capacity 6419K, committed 6528K, reserved 1048576K

Card table byte_map: [0x0000000014570000,0x0000000014970000] byte_map_base: 0x0000000014160000

Marking Bits: (ParMarkBitMap*) 0x0000000071480860
 Begin Bits: [0x0000000015010000, 0x0000000016f90000)
 End Bits:   [0x0000000016f90000, 0x0000000018f10000)

Polling page: 0x0000000004e40000

CodeCache: size=245760Kb used=18123Kb max_used=18123Kb free=227637Kb
 bounds [0x00000000051b0000, 0x0000000006370000, 0x00000000141b0000]
 total_blobs=5811 nmethods=5112 adapters=611
 compilation: enabled

Compilation events (10 events):
Event: 7.052 Thread 0x0000000019cac000 5205       3       org.gradle.api.internal.collections.CollectionFilter::filter (39 bytes)
Event: 7.052 Thread 0x0000000019cac000 nmethod 5205 0x0000000006366650 code [0x0000000006366800, 0x0000000006366e68]
Event: 7.057 Thread 0x0000000019cac000 5206       3       com.google.common.cache.LocalCache$WeakEntry::getKey (5 bytes)
Event: 7.057 Thread 0x0000000019cac000 nmethod 5206 0x0000000006367090 code [0x00000000063671e0, 0x00000000063673d0]
Event: 7.069 Thread 0x0000000019cac000 5207       3       org.gradle.api.internal.project.taskfactory.AnnotationProcessingTaskFactory$Validator::attachActions (251 bytes)
Event: 7.072 Thread 0x0000000019cac000 nmethod 5207 0x0000000006367450 code [0x0000000006367800, 0x00000000063699d8]
Event: 7.072 Thread 0x0000000019cac000 5208       1       org.gradle.api.internal.tasks.DefaultTaskInputs::access$300 (5 bytes)
Event: 7.072 Thread 0x0000000019cac000 nmethod 5208 0x000000000636ad50 code [0x000000000636aea0, 0x000000000636af90]
Event: 7.085 Thread 0x0000000019cac000 5209  s!   3       java.io.FileDescriptor::closeAll (215 bytes)
Event: 7.086 Thread 0x0000000019cac000 nmethod 5209 0x000000000636b010 code [0x000000000636b280, 0x000000000636c538]

GC Heap History (10 events):
Event: 4.066 GC heap before
{Heap before GC invocations=8 (full 1):
 PSYoungGen      total 65536K, used 65520K [0x00000000d6000000, 0x00000000dd700000, 0x0000000100000000)
  eden space 60416K, 100% used [0x00000000d6000000,0x00000000d9b00000,0x00000000d9b00000)
  from space 5120K, 99% used [0x00000000da500000,0x00000000da9fc3b8,0x00000000daa00000)
  to   space 10240K, 0% used [0x00000000d9b00000,0x00000000d9b00000,0x00000000da500000)
 ParOldGen       total 61952K, used 11530K [0x0000000082000000, 0x0000000085c80000, 0x00000000d6000000)
  object space 61952K, 18% used [0x0000000082000000,0x0000000082b42b48,0x0000000085c80000)
 Metaspace       used 30666K, capacity 31150K, committed 31616K, reserved 1077248K
  class space    used 4222K, capacity 4388K, committed 4480K, reserved 1048576K
Event: 4.074 GC heap after
Heap after GC invocations=8 (full 1):
 PSYoungGen      total 70656K, used 7634K [0x00000000d6000000, 0x00000000dcc80000, 0x0000000100000000)
  eden space 60416K, 0% used [0x00000000d6000000,0x00000000d6000000,0x00000000d9b00000)
  from space 10240K, 74% used [0x00000000d9b00000,0x00000000da274800,0x00000000da500000)
  to   space 10240K, 0% used [0x00000000dc280000,0x00000000dc280000,0x00000000dcc80000)
 ParOldGen       total 61952K, used 11538K [0x0000000082000000, 0x0000000085c80000, 0x00000000d6000000)
  object space 61952K, 18% used [0x0000000082000000,0x0000000082b44b48,0x0000000085c80000)
 Metaspace       used 30666K, capacity 31150K, committed 31616K, reserved 1077248K
  class space    used 4222K, capacity 4388K, committed 4480K, reserved 1048576K
}
Event: 4.652 GC heap before
{Heap before GC invocations=9 (full 1):
 PSYoungGen      total 70656K, used 68050K [0x00000000d6000000, 0x00000000dcc80000, 0x0000000100000000)
  eden space 60416K, 100% used [0x00000000d6000000,0x00000000d9b00000,0x00000000d9b00000)
  from space 10240K, 74% used [0x00000000d9b00000,0x00000000da274800,0x00000000da500000)
  to   space 10240K, 0% used [0x00000000dc280000,0x00000000dc280000,0x00000000dcc80000)
 ParOldGen       total 61952K, used 11538K [0x0000000082000000, 0x0000000085c80000, 0x00000000d6000000)
  object space 61952K, 18% used [0x0000000082000000,0x0000000082b44b48,0x0000000085c80000)
 Metaspace       used 34129K, capacity 34642K, committed 35072K, reserved 1079296K
  class space    used 4654K, capacity 4778K, committed 4864K, reserved 1048576K
Event: 4.669 GC heap after
Heap after GC invocations=9 (full 1):
 PSYoungGen      total 99840K, used 10211K [0x00000000d6000000, 0x00000000dcf80000, 0x0000000100000000)
  eden space 89600K, 0% used [0x00000000d6000000,0x00000000d6000000,0x00000000db780000)
  from space 10240K, 99% used [0x00000000dc280000,0x00000000dcc78f90,0x00000000dcc80000)
  to   space 11264K, 0% used [0x00000000db780000,0x00000000db780000,0x00000000dc280000)
 ParOldGen       total 61952K, used 12234K [0x0000000082000000, 0x0000000085c80000, 0x00000000d6000000)
  object space 61952K, 19% used [0x0000000082000000,0x0000000082bf2878,0x0000000085c80000)
 Metaspace       used 34129K, capacity 34642K, committed 35072K, reserved 1079296K
  class space    used 4654K, capacity 4778K, committed 4864K, reserved 1048576K
}
Event: 4.830 GC heap before
{Heap before GC invocations=10 (full 1):
 PSYoungGen      total 99840K, used 26310K [0x00000000d6000000, 0x00000000dcf80000, 0x0000000100000000)
  eden space 89600K, 17% used [0x00000000d6000000,0x00000000d6fb8878,0x00000000db780000)
  from space 10240K, 99% used [0x00000000dc280000,0x00000000dcc78f90,0x00000000dcc80000)
  to   space 11264K, 0% used [0x00000000db780000,0x00000000db780000,0x00000000dc280000)
 ParOldGen       total 61952K, used 12234K [0x0000000082000000, 0x0000000085c80000, 0x00000000d6000000)
  object space 61952K, 19% used [0x0000000082000000,0x0000000082bf2878,0x0000000085c80000)
 Metaspace       used 34582K, capacity 35136K, committed 35456K, reserved 1079296K
  class space    used 4729K, capacity 4899K, committed 4992K, reserved 1048576K
Event: 4.843 GC heap after
Heap after GC invocations=10 (full 1):
 PSYoungGen      total 100864K, used 10902K [0x00000000d6000000, 0x00000000dcf80000, 0x0000000100000000)
  eden space 89600K, 0% used [0x00000000d6000000,0x00000000d6000000,0x00000000db780000)
  from space 11264K, 96% used [0x00000000db780000,0x00000000dc225a98,0x00000000dc280000)
  to   space 10240K, 0% used [0x00000000dc280000,0x00000000dc280000,0x00000000dcc80000)
 ParOldGen       total 61952K, used 12306K [0x0000000082000000, 0x0000000085c80000, 0x00000000d6000000)
  object space 61952K, 19% used [0x0000000082000000,0x0000000082c04888,0x0000000085c80000)
 Metaspace       used 34582K, capacity 35136K, committed 35456K, reserved 1079296K
  class space    used 4729K, capacity 4899K, committed 4992K, reserved 1048576K
}
Event: 4.843 GC heap before
{Heap before GC invocations=11 (full 2):
 PSYoungGen      total 100864K, used 10902K [0x00000000d6000000, 0x00000000dcf80000, 0x0000000100000000)
  eden space 89600K, 0% used [0x00000000d6000000,0x00000000d6000000,0x00000000db780000)
  from space 11264K, 96% used [0x00000000db780000,0x00000000dc225a98,0x00000000dc280000)
  to   space 10240K, 0% used [0x00000000dc280000,0x00000000dc280000,0x00000000dcc80000)
 ParOldGen       total 61952K, used 12306K [0x0000000082000000, 0x0000000085c80000, 0x00000000d6000000)
  object space 61952K, 19% used [0x0000000082000000,0x0000000082c04888,0x0000000085c80000)
 Metaspace       used 34582K, capacity 35136K, committed 35456K, reserved 1079296K
  class space    used 4729K, capacity 4899K, committed 4992K, reserved 1048576K
Event: 4.934 GC heap after
Heap after GC invocations=11 (full 2):
 PSYoungGen      total 100864K, used 0K [0x00000000d6000000, 0x00000000dcf80000, 0x0000000100000000)
  eden space 89600K, 0% used [0x00000000d6000000,0x00000000d6000000,0x00000000db780000)
  from space 11264K, 0% used [0x00000000db780000,0x00000000db780000,0x00000000dc280000)
  to   space 10240K, 0% used [0x00000000dc280000,0x00000000dc280000,0x00000000dcc80000)
 ParOldGen       total 61952K, used 18316K [0x0000000082000000, 0x0000000085c80000, 0x00000000d6000000)
  object space 61952K, 29% used [0x0000000082000000,0x00000000831e3348,0x0000000085c80000)
 Metaspace       used 34582K, capacity 35136K, committed 35456K, reserved 1079296K
  class space    used 4729K, capacity 4899K, committed 4992K, reserved 1048576K
}
Event: 6.046 GC heap before
{Heap before GC invocations=12 (full 2):
 PSYoungGen      total 100864K, used 89600K [0x00000000d6000000, 0x00000000dcf80000, 0x0000000100000000)
  eden space 89600K, 100% used [0x00000000d6000000,0x00000000db780000,0x00000000db780000)
  from space 11264K, 0% used [0x00000000db780000,0x00000000db780000,0x00000000dc280000)
  to   space 10240K, 0% used [0x00000000dc280000,0x00000000dc280000,0x00000000dcc80000)
 ParOldGen       total 61952K, used 18316K [0x0000000082000000, 0x0000000085c80000, 0x00000000d6000000)
  object space 61952K, 29% used [0x0000000082000000,0x00000000831e3348,0x0000000085c80000)
 Metaspace       used 41881K, capacity 42622K, committed 42880K, reserved 1085440K
  class space    used 5694K, capacity 5917K, committed 6016K, reserved 1048576K
Event: 6.053 GC heap after
Heap after GC invocations=12 (full 2):
 PSYoungGen      total 99840K, used 7883K [0x00000000d6000000, 0x00000000dcf80000, 0x0000000100000000)
  eden space 89600K, 0% used [0x00000000d6000000,0x00000000d6000000,0x00000000db780000)
  from space 10240K, 76% used [0x00000000dc280000,0x00000000dca32f08,0x00000000dcc80000)
  to   space 11264K, 0% used [0x00000000db780000,0x00000000db780000,0x00000000dc280000)
 ParOldGen       total 61952K, used 18388K [0x0000000082000000, 0x0000000085c80000, 0x00000000d6000000)
  object space 61952K, 29% used [0x0000000082000000,0x00000000831f5358,0x0000000085c80000)
 Metaspace       used 41881K, capacity 42622K, committed 42880K, reserved 1085440K
  class space    used 5694K, capacity 5917K, committed 6016K, reserved 1048576K
}

Deoptimization events (10 events):
Event: 6.377 Thread 0x00000000050b4800 Uncommon trap: reason=class_check action=maybe_recompile pc=0x0000000006012910 method=com.sun.org.apache.xerces.internal.impl.XMLEntityScanner.invokeListeners(I)V @ 21
Event: 6.377 Thread 0x00000000050b4800 Uncommon trap: reason=class_check action=maybe_recompile pc=0x0000000006012910 method=com.sun.org.apache.xerces.internal.impl.XMLEntityScanner.invokeListeners(I)V @ 21
Event: 6.493 Thread 0x00000000050b4800 Uncommon trap: reason=unstable_if action=reinterpret pc=0x000000000593ac44 method=org.apache.xerces.impl.XMLEntityScanner.skipSpaces()Z @ 60
Event: 6.493 Thread 0x00000000050b4800 Uncommon trap: reason=class_check action=maybe_recompile pc=0x00000000059008fc method=java.util.Hashtable.get(Ljava/lang/Object;)Ljava/lang/Object; @ 6
Event: 6.504 Thread 0x00000000050b4800 Uncommon trap: reason=unstable_if action=reinterpret pc=0x000000000599a844 method=org.apache.xerces.util.SymbolTable.addSymbol([CII)Ljava/lang/String; @ 56
Event: 6.504 Thread 0x00000000050b4800 Uncommon trap: reason=unstable_if action=reinterpret pc=0x000000000595b8b4 method=org.apache.xerces.impl.XMLEntityScanner.peekChar()I @ 14
Event: 6.532 Thread 0x00000000050b4800 Uncommon trap: reason=class_check action=maybe_recompile pc=0x00000000059008fc method=java.util.Hashtable.get(Ljava/lang/Object;)Ljava/lang/Object; @ 6
Event: 6.553 Thread 0x00000000050b4800 Uncommon trap: reason=class_check action=maybe_recompile pc=0x00000000059008fc method=java.util.Hashtable.get(Ljava/lang/Object;)Ljava/lang/Object; @ 6
Event: 6.560 Thread 0x00000000050b4800 Uncommon trap: reason=class_check action=maybe_recompile pc=0x00000000059008fc method=java.util.Hashtable.get(Ljava/lang/Object;)Ljava/lang/Object; @ 6
Event: 6.669 Thread 0x00000000050b4800 Uncommon trap: reason=unstable_if action=reinterpret pc=0x0000000005fffd1c method=java.util.HashMap$HashIterator.<init>(Ljava/util/HashMap;)V @ 45

Classes redefined (0 events):
No events

Internal exceptions (10 events):
Event: 6.908 Thread 0x00000000050b4800 Exception <a 'java/lang/ClassNotFoundException': com/android/build/gradle/tasks/ProcessAndroidResourcesCustomizer> (0x00000000d9b650c8) thrown at [C:\re\workspace\8-2-build-windows-amd64-cygwin\jdk8u162\10278\hotspot\src\share\vm\classfile\systemDictionar
Event: 6.910 Thread 0x00000000050b4800 Exception <a 'java/lang/ClassNotFoundException': com/android/build/gradle/tasks/ProcessAndroidResources_DecoratedCustomizer> (0x00000000d9bccba8) thrown at [C:\re\workspace\8-2-build-windows-amd64-cygwin\jdk8u162\10278\hotspot\src\share\vm\classfile\syste
Event: 6.962 Thread 0x00000000050b4800 Exception <a 'java/lang/ClassNotFoundException': com/android/build/gradle/tasks/AidlCompile_DecoratedBeanInfo> (0x00000000d9f702f8) thrown at [C:\re\workspace\8-2-build-windows-amd64-cygwin\jdk8u162\10278\hotspot\src\share\vm\classfile\systemDictionary.cp
Event: 6.963 Thread 0x00000000050b4800 Exception <a 'java/lang/ClassNotFoundException': com/android/build/gradle/tasks/AidlCompileBeanInfo> (0x00000000d9f82c68) thrown at [C:\re\workspace\8-2-build-windows-amd64-cygwin\jdk8u162\10278\hotspot\src\share\vm\classfile\systemDictionary.cpp, line 21
Event: 6.963 Thread 0x00000000050b4800 Exception <a 'java/lang/ClassNotFoundException': com/android/build/gradle/tasks/AidlCompileCustomizer> (0x00000000d9f95eb0) thrown at [C:\re\workspace\8-2-build-windows-amd64-cygwin\jdk8u162\10278\hotspot\src\share\vm\classfile\systemDictionary.cpp, line 
Event: 6.964 Thread 0x00000000050b4800 Exception <a 'java/lang/ClassNotFoundException': com/android/build/gradle/tasks/AidlCompile_DecoratedCustomizer> (0x00000000d9fcdea8) thrown at [C:\re\workspace\8-2-build-windows-amd64-cygwin\jdk8u162\10278\hotspot\src\share\vm\classfile\systemDictionary.
Event: 7.036 Thread 0x00000000050b4800 Exception <a 'java/lang/ClassNotFoundException': com/android/build/gradle/tasks/NdkCompile_DecoratedBeanInfo> (0x00000000da4c11c8) thrown at [C:\re\workspace\8-2-build-windows-amd64-cygwin\jdk8u162\10278\hotspot\src\share\vm\classfile\systemDictionary.cpp
Event: 7.036 Thread 0x00000000050b4800 Exception <a 'java/lang/ClassNotFoundException': com/android/build/gradle/tasks/NdkCompileBeanInfo> (0x00000000da4d2fa8) thrown at [C:\re\workspace\8-2-build-windows-amd64-cygwin\jdk8u162\10278\hotspot\src\share\vm\classfile\systemDictionary.cpp, line 210
Event: 7.037 Thread 0x00000000050b4800 Exception <a 'java/lang/ClassNotFoundException': com/android/build/gradle/tasks/NdkCompileCustomizer> (0x00000000da4e5880) thrown at [C:\re\workspace\8-2-build-windows-amd64-cygwin\jdk8u162\10278\hotspot\src\share\vm\classfile\systemDictionary.cpp, line 2
Event: 7.037 Thread 0x00000000050b4800 Exception <a 'java/lang/ClassNotFoundException': com/android/build/gradle/tasks/NdkCompile_DecoratedCustomizer> (0x00000000da5253b8) thrown at [C:\re\workspace\8-2-build-windows-amd64-cygwin\jdk8u162\10278\hotspot\src\share\vm\classfile\systemDictionary.c

Events (10 events):
Event: 7.084 loading class com/google/common/io/ByteStreams$FastByteArrayOutputStream
Event: 7.084 loading class com/google/common/io/ByteStreams$FastByteArrayOutputStream done
Event: 7.084 loading class com/google/common/io/ByteArrayDataInput
Event: 7.084 loading class com/google/common/io/ByteArrayDataInput done
Event: 7.085 loading class com/google/common/io/ByteArrayDataOutput
Event: 7.085 loading class com/google/common/io/ByteArrayDataOutput done
Event: 7.086 loading class com/sun/org/apache/xerces/internal/jaxp/DocumentBuilderImpl
Event: 7.087 loading class com/sun/org/apache/xerces/internal/jaxp/DocumentBuilderImpl done
Event: 7.087 loading class com/sun/org/apache/xerces/internal/parsers/DOMParser
Event: 7.087 loading class com/sun/org/apache/xerces/internal/parsers/AbstractDOMParser


Dynamic libraries:
0x00007ff65e6d0000 - 0x00007ff65e707000 	C:\Program Files\Java\jdk1.8.0_162\bin\java.exe
0x00007ffa9dde0000 - 0x00007ffa9dfc0000 	C:\WINDOWS\SYSTEM32\ntdll.dll
0x00007ffa9c7a0000 - 0x00007ffa9c84e000 	C:\WINDOWS\System32\KERNEL32.DLL
0x00007ffa9a1e0000 - 0x00007ffa9a446000 	C:\WINDOWS\System32\KERNELBASE.dll
0x00007ffa9b470000 - 0x00007ffa9b511000 	C:\WINDOWS\System32\ADVAPI32.dll
0x00007ffa9c8c0000 - 0x00007ffa9c95d000 	C:\WINDOWS\System32\msvcrt.dll
0x00007ffa9c670000 - 0x00007ffa9c6cb000 	C:\WINDOWS\System32\sechost.dll
0x00007ffa9c0a0000 - 0x00007ffa9c1bf000 	C:\WINDOWS\System32\RPCRT4.dll
0x00007ffa9bb20000 - 0x00007ffa9bcaf000 	C:\WINDOWS\System32\USER32.dll
0x00007ffa9a6f0000 - 0x00007ffa9a710000 	C:\WINDOWS\System32\win32u.dll
0x00007ffa9b3c0000 - 0x00007ffa9b3e8000 	C:\WINDOWS\System32\GDI32.dll
0x00007ffa9a7b0000 - 0x00007ffa9a943000 	C:\WINDOWS\System32\gdi32full.dll
0x00007ffa9a710000 - 0x00007ffa9a7ab000 	C:\WINDOWS\System32\msvcp_win.dll
0x00007ffa9a950000 - 0x00007ffa9aa46000 	C:\WINDOWS\System32\ucrtbase.dll
0x00007ffa8e930000 - 0x00007ffa8eb99000 	C:\WINDOWS\WinSxS\amd64_microsoft.windows.common-controls_6595b64144ccf1df_6.0.16299.371_none_15c7d1789365a290\COMCTL32.dll
0x00007ffa9c360000 - 0x00007ffa9c668000 	C:\WINDOWS\System32\combase.dll
0x00007ffa9a4a0000 - 0x00007ffa9a512000 	C:\WINDOWS\System32\bcryptPrimitives.dll
0x00007ffa9c070000 - 0x00007ffa9c09d000 	C:\WINDOWS\System32\IMM32.DLL
0x0000000071500000 - 0x00000000715d1000 	C:\Program Files\Java\jdk1.8.0_162\jre\bin\msvcr100.dll
0x0000000070c60000 - 0x0000000071500000 	C:\Program Files\Java\jdk1.8.0_162\jre\bin\server\jvm.dll
0x00007ffa9c060000 - 0x00007ffa9c068000 	C:\WINDOWS\System32\PSAPI.DLL
0x00007ffa96960000 - 0x00007ffa96983000 	C:\WINDOWS\SYSTEM32\WINMM.dll
0x00007ffa950e0000 - 0x00007ffa950ea000 	C:\WINDOWS\SYSTEM32\VERSION.dll
0x00007ffa94c70000 - 0x00007ffa94c79000 	C:\WINDOWS\SYSTEM32\WSOCK32.dll
0x00007ffa9c850000 - 0x00007ffa9c8bc000 	C:\WINDOWS\System32\WS2_32.dll
0x00007ffa96900000 - 0x00007ffa9692a000 	C:\WINDOWS\SYSTEM32\WINMMBASE.dll
0x00007ffa9a450000 - 0x00007ffa9a49a000 	C:\WINDOWS\System32\cfgmgr32.dll
0x0000000070c50000 - 0x0000000070c5f000 	C:\Program Files\Java\jdk1.8.0_162\jre\bin\verify.dll
0x0000000070c20000 - 0x0000000070c49000 	C:\Program Files\Java\jdk1.8.0_162\jre\bin\java.dll
0x0000000070c00000 - 0x0000000070c16000 	C:\Program Files\Java\jdk1.8.0_162\jre\bin\zip.dll
0x00007ffa9c960000 - 0x00007ffa9dd96000 	C:\WINDOWS\System32\SHELL32.dll
0x00007ffa9c2b0000 - 0x00007ffa9c356000 	C:\WINDOWS\System32\shcore.dll
0x00007ffa9ab60000 - 0x00007ffa9b2a7000 	C:\WINDOWS\System32\windows.storage.dll
0x00007ffa9c1d0000 - 0x00007ffa9c221000 	C:\WINDOWS\System32\shlwapi.dll
0x00007ffa9a1a0000 - 0x00007ffa9a1b1000 	C:\WINDOWS\System32\kernel.appcore.dll
0x00007ffa9a130000 - 0x00007ffa9a17c000 	C:\WINDOWS\System32\powrprof.dll
0x00007ffa9a180000 - 0x00007ffa9a19b000 	C:\WINDOWS\System32\profapi.dll
0x0000000070be0000 - 0x0000000070bfa000 	C:\Program Files\Java\jdk1.8.0_162\jre\bin\net.dll
0x00007ffa999c0000 - 0x00007ffa99a26000 	C:\WINDOWS\system32\mswsock.dll
0x0000000070bc0000 - 0x0000000070bd1000 	C:\Program Files\Java\jdk1.8.0_162\jre\bin\nio.dll
0x00007ffa7f890000 - 0x00007ffa7f8a2000 	C:\Users\Sylvain\.gradle\native\19\windows-amd64\native-platform.dll
0x0000000180000000 - 0x0000000180037000 	C:\Users\Sylvain\.gradle\native\jna\win32-amd64\jnidispatch.dll
0x00007ffa99b80000 - 0x00007ffa99b97000 	C:\WINDOWS\SYSTEM32\CRYPTSP.dll
0x00007ffa995c0000 - 0x00007ffa995f3000 	C:\WINDOWS\system32\rsaenh.dll
0x00007ffa99c90000 - 0x00007ffa99cb5000 	C:\WINDOWS\SYSTEM32\bcrypt.dll
0x00007ffa9a060000 - 0x00007ffa9a089000 	C:\WINDOWS\SYSTEM32\USERENV.dll
0x00007ffa99ba0000 - 0x00007ffa99bab000 	C:\WINDOWS\SYSTEM32\CRYPTBASE.dll
0x00007ffa99750000 - 0x00007ffa99789000 	C:\WINDOWS\SYSTEM32\IPHLPAPI.DLL
0x00007ffa9dda0000 - 0x00007ffa9dda8000 	C:\WINDOWS\System32\NSI.dll
0x00007ffa93710000 - 0x00007ffa93726000 	C:\WINDOWS\SYSTEM32\dhcpcsvc6.DLL
0x00007ffa96030000 - 0x00007ffa9604a000 	C:\WINDOWS\SYSTEM32\dhcpcsvc.DLL
0x0000000070bb0000 - 0x0000000070bbd000 	C:\Program Files\Java\jdk1.8.0_162\jre\bin\management.dll

VM Arguments:
jvm_args: -Dorg.gradle.appname=gradlew 
java_command: org.gradle.wrapper.GradleWrapperMain installDebug
java_class_path (initial): C:\Users\Sylvain\Documents\lolol\android\\gradle\wrapper\gradle-wrapper.jar
Launcher Type: SUN_STANDARD

Environment Variables:
JAVA_HOME=C:\Program Files\Java\jdk1.8.0_162
CLASSPATH=C:\Users\Sylvain\Documents\lolol\android\\gradle\wrapper\gradle-wrapper.jar
USERNAME=Sylvain
OS=Windows_NT
PROCESSOR_IDENTIFIER=Intel64 Family 6 Model 142 Stepping 9, GenuineIntel



---------------  S Y S T E M  ---------------

OS: Windows 10.0 , 64 bit Build 16299 (10.0.16299.15)

CPU:total 4 (initial active 4) (2 cores per cpu, 2 threads per core) family 6 model 142 stepping 9, cmov, cx8, fxsr, mmx, sse, sse2, sse3, ssse3, sse4.1, sse4.2, popcnt, avx, avx2, aes, clmul, erms, 3dnowpref, lzcnt, ht, tsc, tscinvbit, bmi1, bmi2, adx

Memory: 4k page, physical 8253572k(937832k free), swap 23736832k(3096k free)

vm_info: Java HotSpot(TM) 64-Bit Server VM (25.162-b12) for windows-amd64 JRE (1.8.0_162-b12), built on Dec 19 2017 20:00:03 by "java_re" with MS VC++ 10.0 (VS2010)

time: Tue Apr 24 20:17:59 2018
elapsed time: 7 seconds (0d 0h 0m 7s)

