#
# There is insufficient memory for the Java Runtime Environment to continue.
# Native memory allocation (malloc) failed to allocate 524304 bytes for Chunk::new
# Possible reasons:
#   The system is out of physical RAM or swap space
#   In 32 bit mode, the process size limit was hit
# Possible solutions:
#   Reduce memory load on the system
#   Increase physical memory or swap space
#   Check if swap backing store is full
#   Use 64 bit Java on a 64 bit OS
#   Decrease Java heap size (-Xmx/-Xms)
#   Decrease number of Java threads
#   Decrease Java thread stack sizes (-Xss)
#   Set larger code cache with -XX:ReservedCodeCacheSize=
# This output file may be truncated or incomplete.
#
#  Out of Memory Error (allocation.cpp:390), pid=9072, tid=0x00000000000030ac
#
# JRE version: Java(TM) SE Runtime Environment (8.0_162-b12) (build 1.8.0_162-b12)
# Java VM: Java HotSpot(TM) 64-Bit Server VM (25.162-b12 mixed mode windows-amd64 compressed oops)
# Failed to write core dump. Minidumps are not enabled by default on client versions of Windows
#

---------------  T H R E A D  ---------------

Current thread (0x0000000019550800):  JavaThread "C2 CompilerThread0" daemon [_thread_in_native, id=12460, stack(0x000000001acc0000,0x000000001adc0000)]

Stack: [0x000000001acc0000,0x000000001adc0000]
[error occurred during error reporting (printing stack bounds), id 0xc0000005]

Native frames: (J=compiled Java code, j=interpreted, Vv=VM code, C=native code)


Current CompileTask:
C2:   5757 3362       4       groovy.lang.MetaClassImpl$1MOPIter::methodNameAction (479 bytes)


---------------  P R O C E S S  ---------------

Java Threads: ( => current thread )
  0x000000001e3bd000 JavaThread "File lock request listener" [_thread_in_native, id=30404, stack(0x000000001e830000,0x000000001e930000)]
  0x000000001cb7d800 JavaThread "pool-1-thread-1" [_thread_blocked, id=31044, stack(0x000000001bdc0000,0x000000001bec0000)]
  0x000000001afea800 JavaThread "Service Thread" daemon [_thread_blocked, id=27804, stack(0x000000001b3c0000,0x000000001b4c0000)]
  0x0000000019557800 JavaThread "C1 CompilerThread2" daemon [_thread_blocked, id=32732, stack(0x000000001aec0000,0x000000001afc0000)]
  0x0000000019554800 JavaThread "C2 CompilerThread1" daemon [_thread_in_native, id=35184, stack(0x000000001adc0000,0x000000001aec0000)]
=>0x0000000019550800 JavaThread "C2 CompilerThread0" daemon [_thread_in_native, id=12460, stack(0x000000001acc0000,0x000000001adc0000)]
  0x0000000019561000 JavaThread "Attach Listener" daemon [_thread_blocked, id=34280, stack(0x000000001abc0000,0x000000001acc0000)]
  0x0000000019560000 JavaThread "Signal Dispatcher" daemon [_thread_blocked, id=25964, stack(0x000000001aac0000,0x000000001abc0000)]
  0x0000000019540000 JavaThread "Finalizer" daemon [_thread_blocked, id=30804, stack(0x000000001a7a0000,0x000000001a8a0000)]
  0x0000000004a54800 JavaThread "Reference Handler" daemon [_thread_blocked, id=31668, stack(0x000000001a6a0000,0x000000001a7a0000)]
  0x0000000004964800 JavaThread "main" [_thread_in_vm, id=33272, stack(0x0000000004860000,0x0000000004960000)]

Other Threads:
  0x0000000019517800 VMThread [stack: 0x000000001a5a0000,0x000000001a6a0000] [id=17700]
  0x000000001b00b800 WatcherThread [stack: 0x000000001b4c0000,0x000000001b5c0000] [id=31412]

VM state:not at safepoint (normal execution)

VM Mutex/Monitor currently owned by a thread: None

Heap:
 PSYoungGen      total 102912K, used 34690K [0x00000000d6000000, 0x00000000dd000000, 0x0000000100000000)
  eden space 91648K, 37% used [0x00000000d6000000,0x00000000d81e08f0,0x00000000db980000)
  from space 11264K, 0% used [0x00000000db980000,0x00000000db980000,0x00000000dc480000)
  to   space 10240K, 0% used [0x00000000dc480000,0x00000000dc480000,0x00000000dce80000)
 ParOldGen       total 89088K, used 18341K [0x0000000082000000, 0x0000000087700000, 0x00000000d6000000)
  object space 89088K, 20% used [0x0000000082000000,0x00000000831e9410,0x0000000087700000)
 Metaspace       used 38475K, capacity 39170K, committed 39680K, reserved 1083392K
  class space    used 5324K, capacity 5566K, committed 5632K, reserved 1048576K

Card table byte_map: [0x0000000013e20000,0x0000000014220000] byte_map_base: 0x0000000013a10000

Marking Bits: (ParMarkBitMap*) 0x0000000071480860
 Begin Bits: [0x00000000148c0000, 0x0000000016840000)
 End Bits:   [0x0000000016840000, 0x00000000187c0000)

Polling page: 0x00000000029d0000

CodeCache: size=245760Kb used=12218Kb max_used=12218Kb free=233541Kb
 bounds [0x0000000004a60000, 0x0000000005660000, 0x0000000013a60000]
 total_blobs=4243 nmethods=3563 adapters=592
 compilation: enabled

Compilation events (10 events):
Event: 5.724 Thread 0x0000000019557800 3607 %     3       java.io.DataInputStream::readUTF @ 92 (501 bytes)
Event: 5.725 Thread 0x0000000019557800 nmethod 3607% 0x000000000564e310 code [0x000000000564e6e0, 0x00000000056509e8]
Event: 5.728 Thread 0x0000000019557800 3608       1       javax.xml.namespace.QName::getNamespaceURI (5 bytes)
Event: 5.728 Thread 0x0000000019557800 nmethod 3608 0x0000000005651f10 code [0x0000000005652060, 0x0000000005652170]
Event: 5.728 Thread 0x0000000019557800 3610       2       com.sun.xml.internal.bind.v2.util.QNameMap::indexFor (6 bytes)
Event: 5.728 Thread 0x0000000019557800 nmethod 3610 0x00000000056521d0 code [0x0000000005652320, 0x0000000005652450]
Event: 5.728 Thread 0x0000000019557800 3609       1       javax.xml.namespace.QName::getLocalPart (5 bytes)
Event: 5.728 Thread 0x0000000019557800 nmethod 3609 0x00000000056524d0 code [0x0000000005652620, 0x0000000005652730]
Event: 5.728 Thread 0x0000000019557800 3611       1       com.sun.xml.internal.bind.v2.model.impl.TypeRefImpl::getTagName (5 bytes)
Event: 5.728 Thread 0x0000000019557800 nmethod 3611 0x0000000005652790 code [0x00000000056528e0, 0x00000000056529f0]

GC Heap History (10 events):
Event: 3.536 GC heap before
{Heap before GC invocations=7 (full 1):
 PSYoungGen      total 70656K, used 65536K [0x00000000d6000000, 0x00000000daa00000, 0x0000000100000000)
  eden space 65536K, 100% used [0x00000000d6000000,0x00000000da000000,0x00000000da000000)
  from space 5120K, 0% used [0x00000000da000000,0x00000000da000000,0x00000000da500000)
  to   space 5120K, 0% used [0x00000000da500000,0x00000000da500000,0x00000000daa00000)
 ParOldGen       total 60928K, used 10209K [0x0000000082000000, 0x0000000085b80000, 0x00000000d6000000)
  object space 60928K, 16% used [0x0000000082000000,0x00000000829f84e8,0x0000000085b80000)
 Metaspace       used 26655K, capacity 27068K, committed 27520K, reserved 1073152K
  class space    used 3727K, capacity 3859K, committed 3968K, reserved 1048576K
Event: 3.544 GC heap after
Heap after GC invocations=7 (full 1):
 PSYoungGen      total 65536K, used 5116K [0x00000000d6000000, 0x00000000dd980000, 0x0000000100000000)
  eden space 60416K, 0% used [0x00000000d6000000,0x00000000d6000000,0x00000000d9b00000)
  from space 5120K, 99% used [0x00000000da500000,0x00000000da9ff3a8,0x00000000daa00000)
  to   space 10240K, 0% used [0x00000000d9b00000,0x00000000d9b00000,0x00000000da500000)
 ParOldGen       total 60928K, used 11424K [0x0000000082000000, 0x0000000085b80000, 0x00000000d6000000)
  object space 60928K, 18% used [0x0000000082000000,0x0000000082b282a8,0x0000000085b80000)
 Metaspace       used 26655K, capacity 27068K, committed 27520K, reserved 1073152K
  class space    used 3727K, capacity 3859K, committed 3968K, reserved 1048576K
}
Event: 4.409 GC heap before
{Heap before GC invocations=8 (full 1):
 PSYoungGen      total 65536K, used 65532K [0x00000000d6000000, 0x00000000dd980000, 0x0000000100000000)
  eden space 60416K, 100% used [0x00000000d6000000,0x00000000d9b00000,0x00000000d9b00000)
  from space 5120K, 99% used [0x00000000da500000,0x00000000da9ff3a8,0x00000000daa00000)
  to   space 10240K, 0% used [0x00000000d9b00000,0x00000000d9b00000,0x00000000da500000)
 ParOldGen       total 60928K, used 11424K [0x0000000082000000, 0x0000000085b80000, 0x00000000d6000000)
  object space 60928K, 18% used [0x0000000082000000,0x0000000082b282a8,0x0000000085b80000)
 Metaspace       used 30563K, capacity 31086K, committed 31616K, reserved 1077248K
  class space    used 4200K, capacity 4388K, committed 4480K, reserved 1048576K
Event: 4.416 GC heap after
Heap after GC invocations=8 (full 1):
 PSYoungGen      total 70656K, used 7517K [0x00000000d6000000, 0x00000000dce80000, 0x0000000100000000)
  eden space 60416K, 0% used [0x00000000d6000000,0x00000000d6000000,0x00000000d9b00000)
  from space 10240K, 73% used [0x00000000d9b00000,0x00000000da2575d0,0x00000000da500000)
  to   space 10240K, 0% used [0x00000000dc480000,0x00000000dc480000,0x00000000dce80000)
 ParOldGen       total 60928K, used 11432K [0x0000000082000000, 0x0000000085b80000, 0x00000000d6000000)
  object space 60928K, 18% used [0x0000000082000000,0x0000000082b2a2a8,0x0000000085b80000)
 Metaspace       used 30563K, capacity 31086K, committed 31616K, reserved 1077248K
  class space    used 4200K, capacity 4388K, committed 4480K, reserved 1048576K
}
Event: 4.995 GC heap before
{Heap before GC invocations=9 (full 1):
 PSYoungGen      total 70656K, used 67933K [0x00000000d6000000, 0x00000000dce80000, 0x0000000100000000)
  eden space 60416K, 100% used [0x00000000d6000000,0x00000000d9b00000,0x00000000d9b00000)
  from space 10240K, 73% used [0x00000000d9b00000,0x00000000da2575d0,0x00000000da500000)
  to   space 10240K, 0% used [0x00000000dc480000,0x00000000dc480000,0x00000000dce80000)
 ParOldGen       total 60928K, used 11432K [0x0000000082000000, 0x0000000085b80000, 0x00000000d6000000)
  object space 60928K, 18% used [0x0000000082000000,0x0000000082b2a2a8,0x0000000085b80000)
 Metaspace       used 34127K, capacity 34642K, committed 35072K, reserved 1079296K
  class space    used 4651K, capacity 4778K, committed 4864K, reserved 1048576K
Event: 5.008 GC heap after
Heap after GC invocations=9 (full 1):
 PSYoungGen      total 101888K, used 10230K [0x00000000d6000000, 0x00000000dd000000, 0x0000000100000000)
  eden space 91648K, 0% used [0x00000000d6000000,0x00000000d6000000,0x00000000db980000)
  from space 10240K, 99% used [0x00000000dc480000,0x00000000dce7d8c0,0x00000000dce80000)
  to   space 11264K, 0% used [0x00000000db980000,0x00000000db980000,0x00000000dc480000)
 ParOldGen       total 60928K, used 11761K [0x0000000082000000, 0x0000000085b80000, 0x00000000d6000000)
  object space 60928K, 19% used [0x0000000082000000,0x0000000082b7c6c8,0x0000000085b80000)
 Metaspace       used 34127K, capacity 34642K, committed 35072K, reserved 1079296K
  class space    used 4651K, capacity 4778K, committed 4864K, reserved 1048576K
}
Event: 5.163 GC heap before
{Heap before GC invocations=10 (full 1):
 PSYoungGen      total 101888K, used 28687K [0x00000000d6000000, 0x00000000dd000000, 0x0000000100000000)
  eden space 91648K, 20% used [0x00000000d6000000,0x00000000d7206420,0x00000000db980000)
  from space 10240K, 99% used [0x00000000dc480000,0x00000000dce7d8c0,0x00000000dce80000)
  to   space 11264K, 0% used [0x00000000db980000,0x00000000db980000,0x00000000dc480000)
 ParOldGen       total 60928K, used 11761K [0x0000000082000000, 0x0000000085b80000, 0x00000000d6000000)
  object space 60928K, 19% used [0x0000000082000000,0x0000000082b7c6c8,0x0000000085b80000)
 Metaspace       used 34582K, capacity 35136K, committed 35456K, reserved 1079296K
  class space    used 4726K, capacity 4899K, committed 4992K, reserved 1048576K
Event: 5.177 GC heap after
Heap after GC invocations=10 (full 1):
 PSYoungGen      total 102912K, used 9211K [0x00000000d6000000, 0x00000000dd000000, 0x0000000100000000)
  eden space 91648K, 0% used [0x00000000d6000000,0x00000000d6000000,0x00000000db980000)
  from space 11264K, 81% used [0x00000000db980000,0x00000000dc27eff0,0x00000000dc480000)
  to   space 10240K, 0% used [0x00000000dc480000,0x00000000dc480000,0x00000000dce80000)
 ParOldGen       total 60928K, used 13632K [0x0000000082000000, 0x0000000085b80000, 0x00000000d6000000)
  object space 60928K, 22% used [0x0000000082000000,0x0000000082d50050,0x0000000085b80000)
 Metaspace       used 34582K, capacity 35136K, committed 35456K, reserved 1079296K
  class space    used 4726K, capacity 4899K, committed 4992K, reserved 1048576K
}
Event: 5.177 GC heap before
{Heap before GC invocations=11 (full 2):
 PSYoungGen      total 102912K, used 9211K [0x00000000d6000000, 0x00000000dd000000, 0x0000000100000000)
  eden space 91648K, 0% used [0x00000000d6000000,0x00000000d6000000,0x00000000db980000)
  from space 11264K, 81% used [0x00000000db980000,0x00000000dc27eff0,0x00000000dc480000)
  to   space 10240K, 0% used [0x00000000dc480000,0x00000000dc480000,0x00000000dce80000)
 ParOldGen       total 60928K, used 13632K [0x0000000082000000, 0x0000000085b80000, 0x00000000d6000000)
  object space 60928K, 22% used [0x0000000082000000,0x0000000082d50050,0x0000000085b80000)
 Metaspace       used 34582K, capacity 35136K, committed 35456K, reserved 1079296K
  class space    used 4726K, capacity 4899K, committed 4992K, reserved 1048576K
Event: 5.283 GC heap after
Heap after GC invocations=11 (full 2):
 PSYoungGen      total 102912K, used 0K [0x00000000d6000000, 0x00000000dd000000, 0x0000000100000000)
  eden space 91648K, 0% used [0x00000000d6000000,0x00000000d6000000,0x00000000db980000)
  from space 11264K, 0% used [0x00000000db980000,0x00000000db980000,0x00000000dc480000)
  to   space 10240K, 0% used [0x00000000dc480000,0x00000000dc480000,0x00000000dce80000)
 ParOldGen       total 89088K, used 18341K [0x0000000082000000, 0x0000000087700000, 0x00000000d6000000)
  object space 89088K, 20% used [0x0000000082000000,0x00000000831e9410,0x0000000087700000)
 Metaspace       used 34582K, capacity 35136K, committed 35456K, reserved 1079296K
  class space    used 4726K, capacity 4899K, committed 4992K, reserved 1048576K
}

Deoptimization events (10 events):
Event: 4.875 Thread 0x0000000004964800 Uncommon trap: reason=bimorphic action=maybe_recompile pc=0x0000000005176208 method=java.util.regex.Pattern$Start.match(Ljava/util/regex/Matcher;ILjava/lang/CharSequence;)Z @ 44
Event: 4.878 Thread 0x0000000004964800 Uncommon trap: reason=bimorphic action=maybe_recompile pc=0x0000000005176208 method=java.util.regex.Pattern$Start.match(Ljava/util/regex/Matcher;ILjava/lang/CharSequence;)Z @ 44
Event: 4.955 Thread 0x0000000004964800 Uncommon trap: reason=unstable_if action=reinterpret pc=0x00000000053635fc method=java.lang.CharacterDataLatin1.isWhitespace(I)Z @ 14
Event: 4.960 Thread 0x0000000004964800 Uncommon trap: reason=class_check action=maybe_recompile pc=0x00000000052f0860 method=java.security.MessageDigest$Delegate.engineUpdate([BII)V @ 7
Event: 4.960 Thread 0x0000000004964800 Uncommon trap: reason=predicate action=maybe_recompile pc=0x00000000052e7fc8 method=sun.security.provider.DigestBase.implCompressMultiBlock([BII)I @ 5
Event: 4.961 Thread 0x0000000004964800 Uncommon trap: reason=class_check action=maybe_recompile pc=0x00000000052d61a4 method=sun.security.provider.DigestBase.implCompressMultiBlock([BII)I @ 8
Event: 4.976 Thread 0x0000000004964800 Uncommon trap: reason=class_check action=maybe_recompile pc=0x00000000052efdf0 method=java.security.MessageDigest$Delegate.engineUpdate([BII)V @ 7
Event: 4.982 Thread 0x0000000004964800 Uncommon trap: reason=unstable_if action=reinterpret pc=0x000000000538dfac method=java.security.CodeSource.getCertificates()[Ljava/security/cert/Certificate; @ 22
Event: 5.014 Thread 0x0000000004964800 Uncommon trap: reason=unstable_if action=reinterpret pc=0x000000000525ebfc method=java.util.LinkedHashMap.get(Ljava/lang/Object;)Ljava/lang/Object; @ 20
Event: 5.723 Thread 0x0000000004964800 Uncommon trap: reason=unstable_if action=reinterpret pc=0x0000000004dcbc6c method=java.io.DataInputStream.readUTF(Ljava/io/DataInput;)Ljava/lang/String; @ 31

Classes redefined (0 events):
No events

Internal exceptions (10 events):
Event: 5.568 Thread 0x0000000004964800 Exception <a 'sun/nio/fs/WindowsException'> (0x00000000d7bf3d38) thrown at [C:\re\workspace\8-2-build-windows-amd64-cygwin\jdk8u162\10278\hotspot\src\share\vm\prims\jni.cpp, line 709]
Event: 5.568 Thread 0x0000000004964800 Exception <a 'sun/nio/fs/WindowsException'> (0x00000000d7bf46f8) thrown at [C:\re\workspace\8-2-build-windows-amd64-cygwin\jdk8u162\10278\hotspot\src\share\vm\prims\jni.cpp, line 709]
Event: 5.568 Thread 0x0000000004964800 Exception <a 'sun/nio/fs/WindowsException'> (0x00000000d7bf5d30) thrown at [C:\re\workspace\8-2-build-windows-amd64-cygwin\jdk8u162\10278\hotspot\src\share\vm\prims\jni.cpp, line 709]
Event: 5.569 Thread 0x0000000004964800 Exception <a 'sun/nio/fs/WindowsException'> (0x00000000d7bf6728) thrown at [C:\re\workspace\8-2-build-windows-amd64-cygwin\jdk8u162\10278\hotspot\src\share\vm\prims\jni.cpp, line 709]
Event: 5.570 Thread 0x0000000004964800 Exception <a 'sun/nio/fs/WindowsException'> (0x00000000d7bfabc0) thrown at [C:\re\workspace\8-2-build-windows-amd64-cygwin\jdk8u162\10278\hotspot\src\share\vm\prims\jni.cpp, line 709]
Event: 5.570 Thread 0x0000000004964800 Exception <a 'sun/nio/fs/WindowsException'> (0x00000000d7bfb440) thrown at [C:\re\workspace\8-2-build-windows-amd64-cygwin\jdk8u162\10278\hotspot\src\share\vm\prims\jni.cpp, line 709]
Event: 5.570 Thread 0x0000000004964800 Exception <a 'sun/nio/fs/WindowsException'> (0x00000000d7bfc938) thrown at [C:\re\workspace\8-2-build-windows-amd64-cygwin\jdk8u162\10278\hotspot\src\share\vm\prims\jni.cpp, line 709]
Event: 5.570 Thread 0x0000000004964800 Exception <a 'sun/nio/fs/WindowsException'> (0x00000000d7bfd1f0) thrown at [C:\re\workspace\8-2-build-windows-amd64-cygwin\jdk8u162\10278\hotspot\src\share\vm\prims\jni.cpp, line 709]
Event: 5.576 Thread 0x0000000004964800 Exception <a 'java/lang/ClassNotFoundException': com/sun/org/glassfish/hk2/osgiresourcelocator/ServiceLoader> (0x00000000d7c53498) thrown at [C:\re\workspace\8-2-build-windows-amd64-cygwin\jdk8u162\10278\hotspot\src\share\vm\classfile\systemDictionary.cpp
Event: 5.583 Thread 0x0000000004964800 Exception <a 'java/lang/NullPointerException'> (0x00000000d7caa2f8) thrown at [C:\re\workspace\8-2-build-windows-amd64-cygwin\jdk8u162\10278\hotspot\src\share\vm\interpreter\linkResolver.cpp, line 1287]

Events (10 events):
Event: 5.744 loading class com/sun/org/apache/xerces/internal/parsers/BasicParserConfiguration done
Event: 5.744 loading class com/sun/org/apache/xerces/internal/impl/xs/opti/SchemaParsingConfig done
Event: 5.744 loading class jdk/xml/internal/JdkXmlUtils
Event: 5.744 loading class jdk/xml/internal/JdkXmlUtils done
Event: 5.744 loading class jdk/xml/internal/SecuritySupport
Event: 5.744 loading class jdk/xml/internal/SecuritySupport done
Event: 5.744 loading class jdk/xml/internal/SecuritySupport$1
Event: 5.745 loading class jdk/xml/internal/SecuritySupport$1 done
Event: 5.745 loading class jdk/xml/internal/SecuritySupport$2
Event: 5.745 loading class jdk/xml/internal/SecuritySupport$2 done


Dynamic libraries:
0x00007ff65e6d0000 - 0x00007ff65e707000 	C:\Program Files\Java\jdk1.8.0_162\bin\java.exe
0x00007ffa9dde0000 - 0x00007ffa9dfc0000 	C:\WINDOWS\SYSTEM32\ntdll.dll
0x00007ffa9c7a0000 - 0x00007ffa9c84e000 	C:\WINDOWS\System32\KERNEL32.DLL
0x00007ffa9a1e0000 - 0x00007ffa9a446000 	C:\WINDOWS\System32\KERNELBASE.dll
0x00007ffa9b470000 - 0x00007ffa9b511000 	C:\WINDOWS\System32\ADVAPI32.dll
0x00007ffa9c8c0000 - 0x00007ffa9c95d000 	C:\WINDOWS\System32\msvcrt.dll
0x00007ffa9c670000 - 0x00007ffa9c6cb000 	C:\WINDOWS\System32\sechost.dll
0x00007ffa9c0a0000 - 0x00007ffa9c1bf000 	C:\WINDOWS\System32\RPCRT4.dll
0x00007ffa9bb20000 - 0x00007ffa9bcaf000 	C:\WINDOWS\System32\USER32.dll
0x00007ffa9a6f0000 - 0x00007ffa9a710000 	C:\WINDOWS\System32\win32u.dll
0x00007ffa9b3c0000 - 0x00007ffa9b3e8000 	C:\WINDOWS\System32\GDI32.dll
0x00007ffa9a7b0000 - 0x00007ffa9a943000 	C:\WINDOWS\System32\gdi32full.dll
0x00007ffa9a710000 - 0x00007ffa9a7ab000 	C:\WINDOWS\System32\msvcp_win.dll
0x00007ffa9a950000 - 0x00007ffa9aa46000 	C:\WINDOWS\System32\ucrtbase.dll
0x00007ffa8e930000 - 0x00007ffa8eb99000 	C:\WINDOWS\WinSxS\amd64_microsoft.windows.common-controls_6595b64144ccf1df_6.0.16299.371_none_15c7d1789365a290\COMCTL32.dll
0x00007ffa9c360000 - 0x00007ffa9c668000 	C:\WINDOWS\System32\combase.dll
0x00007ffa9a4a0000 - 0x00007ffa9a512000 	C:\WINDOWS\System32\bcryptPrimitives.dll
0x00007ffa9c070000 - 0x00007ffa9c09d000 	C:\WINDOWS\System32\IMM32.DLL
0x0000000071500000 - 0x00000000715d1000 	C:\Program Files\Java\jdk1.8.0_162\jre\bin\msvcr100.dll
0x0000000070c60000 - 0x0000000071500000 	C:\Program Files\Java\jdk1.8.0_162\jre\bin\server\jvm.dll
0x00007ffa9c060000 - 0x00007ffa9c068000 	C:\WINDOWS\System32\PSAPI.DLL
0x00007ffa96960000 - 0x00007ffa96983000 	C:\WINDOWS\SYSTEM32\WINMM.dll
0x00007ffa950e0000 - 0x00007ffa950ea000 	C:\WINDOWS\SYSTEM32\VERSION.dll
0x00007ffa94c70000 - 0x00007ffa94c79000 	C:\WINDOWS\SYSTEM32\WSOCK32.dll
0x00007ffa9c850000 - 0x00007ffa9c8bc000 	C:\WINDOWS\System32\WS2_32.dll
0x00007ffa96900000 - 0x00007ffa9692a000 	C:\WINDOWS\SYSTEM32\WINMMBASE.dll
0x00007ffa9a450000 - 0x00007ffa9a49a000 	C:\WINDOWS\System32\cfgmgr32.dll
0x0000000070c50000 - 0x0000000070c5f000 	C:\Program Files\Java\jdk1.8.0_162\jre\bin\verify.dll
0x0000000070c20000 - 0x0000000070c49000 	C:\Program Files\Java\jdk1.8.0_162\jre\bin\java.dll
0x0000000070c00000 - 0x0000000070c16000 	C:\Program Files\Java\jdk1.8.0_162\jre\bin\zip.dll
0x00007ffa9c960000 - 0x00007ffa9dd96000 	C:\WINDOWS\System32\SHELL32.dll
0x00007ffa9c2b0000 - 0x00007ffa9c356000 	C:\WINDOWS\System32\shcore.dll
0x00007ffa9ab60000 - 0x00007ffa9b2a7000 	C:\WINDOWS\System32\windows.storage.dll
0x00007ffa9c1d0000 - 0x00007ffa9c221000 	C:\WINDOWS\System32\shlwapi.dll
0x00007ffa9a1a0000 - 0x00007ffa9a1b1000 	C:\WINDOWS\System32\kernel.appcore.dll
0x00007ffa9a130000 - 0x00007ffa9a17c000 	C:\WINDOWS\System32\powrprof.dll
0x00007ffa9a180000 - 0x00007ffa9a19b000 	C:\WINDOWS\System32\profapi.dll
0x0000000070be0000 - 0x0000000070bfa000 	C:\Program Files\Java\jdk1.8.0_162\jre\bin\net.dll
0x00007ffa999c0000 - 0x00007ffa99a26000 	C:\WINDOWS\system32\mswsock.dll
0x0000000070bc0000 - 0x0000000070bd1000 	C:\Program Files\Java\jdk1.8.0_162\jre\bin\nio.dll
0x00007ffa7f890000 - 0x00007ffa7f8a2000 	C:\Users\Sylvain\.gradle\native\19\windows-amd64\native-platform.dll
0x0000000180000000 - 0x0000000180037000 	C:\Users\Sylvain\.gradle\native\jna\win32-amd64\jnidispatch.dll
0x00007ffa99b80000 - 0x00007ffa99b97000 	C:\WINDOWS\SYSTEM32\CRYPTSP.dll
0x00007ffa995c0000 - 0x00007ffa995f3000 	C:\WINDOWS\system32\rsaenh.dll
0x00007ffa99c90000 - 0x00007ffa99cb5000 	C:\WINDOWS\SYSTEM32\bcrypt.dll
0x00007ffa9a060000 - 0x00007ffa9a089000 	C:\WINDOWS\SYSTEM32\USERENV.dll
0x00007ffa99ba0000 - 0x00007ffa99bab000 	C:\WINDOWS\SYSTEM32\CRYPTBASE.dll
0x00007ffa99750000 - 0x00007ffa99789000 	C:\WINDOWS\SYSTEM32\IPHLPAPI.DLL
0x00007ffa9dda0000 - 0x00007ffa9dda8000 	C:\WINDOWS\System32\NSI.dll
0x00007ffa93710000 - 0x00007ffa93726000 	C:\WINDOWS\SYSTEM32\dhcpcsvc6.DLL
0x00007ffa96030000 - 0x00007ffa9604a000 	C:\WINDOWS\SYSTEM32\dhcpcsvc.DLL
0x0000000070bb0000 - 0x0000000070bbd000 	C:\Program Files\Java\jdk1.8.0_162\jre\bin\management.dll

VM Arguments:
jvm_args: -Dorg.gradle.appname=gradlew 
java_command: org.gradle.wrapper.GradleWrapperMain installDebug
java_class_path (initial): C:\Users\Sylvain\Documents\lolol\android\\gradle\wrapper\gradle-wrapper.jar
Launcher Type: SUN_STANDARD

Environment Variables:
JAVA_HOME=C:\Program Files\Java\jdk1.8.0_162
CLASSPATH=C:\Users\Sylvain\Documents\lolol\android\\gradle\wrapper\gradle-wrapper.jar
USERNAME=Sylvain
OS=Windows_NT
PROCESSOR_IDENTIFIER=Intel64 Family 6 Model 142 Stepping 9, GenuineIntel



---------------  S Y S T E M  ---------------

OS: Windows 10.0 , 64 bit Build 16299 (10.0.16299.15)

CPU:total 4 (initial active 4) (2 cores per cpu, 2 threads per core) family 6 model 142 stepping 9, cmov, cx8, fxsr, mmx, sse, sse2, sse3, ssse3, sse4.1, sse4.2, popcnt, avx, avx2, aes, clmul, erms, 3dnowpref, lzcnt, ht, tsc, tscinvbit, bmi1, bmi2, adx

Memory: 4k page, physical 8253572k(1021288k free), swap 23736832k(1760k free)

vm_info: Java HotSpot(TM) 64-Bit Server VM (25.162-b12) for windows-amd64 JRE (1.8.0_162-b12), built on Dec 19 2017 20:00:03 by "java_re" with MS VC++ 10.0 (VS2010)

time: Tue Apr 24 20:17:33 2018
elapsed time: 5 seconds (0d 0h 0m 5s)

