#
# There is insufficient memory for the Java Runtime Environment to continue.
# Native memory allocation (malloc) failed to allocate 2059376 bytes for Chunk::new
# Possible reasons:
#   The system is out of physical RAM or swap space
#   In 32 bit mode, the process size limit was hit
# Possible solutions:
#   Reduce memory load on the system
#   Increase physical memory or swap space
#   Check if swap backing store is full
#   Use 64 bit Java on a 64 bit OS
#   Decrease Java heap size (-Xmx/-Xms)
#   Decrease number of Java threads
#   Decrease Java thread stack sizes (-Xss)
#   Set larger code cache with -XX:ReservedCodeCacheSize=
# This output file may be truncated or incomplete.
#
#  Out of Memory Error (allocation.cpp:390), pid=29428, tid=0x000000000000604c
#
# JRE version: Java(TM) SE Runtime Environment (8.0_162-b12) (build 1.8.0_162-b12)
# Java VM: Java HotSpot(TM) 64-Bit Server VM (25.162-b12 mixed mode windows-amd64 compressed oops)
# Failed to write core dump. Minidumps are not enabled by default on client versions of Windows
#

---------------  T H R E A D  ---------------

Current thread (0x0000000019c84000):  JavaThread "C2 CompilerThread1" daemon [_thread_in_native, id=24652, stack(0x000000001b510000,0x000000001b610000)]

Stack: [0x000000001b510000,0x000000001b610000]
[error occurred during error reporting (printing stack bounds), id 0xc0000005]

Native frames: (J=compiled Java code, j=interpreted, Vv=VM code, C=native code)


Current CompileTask:
C2:   8575 5626   !   4       com.sun.beans.TypeResolver::resolve (274 bytes)


---------------  P R O C E S S  ---------------

Java Threads: ( => current thread )
  0x0000000022098800 JavaThread "File lock request listener" [_thread_in_native, id=22608, stack(0x00000000213e0000,0x00000000214e0000)]
  0x000000001d5bc800 JavaThread "pool-1-thread-1" [_thread_in_native, id=29208, stack(0x000000001ef40000,0x000000001f040000)]
  0x000000001b73e800 JavaThread "Service Thread" daemon [_thread_blocked, id=30496, stack(0x000000001bb10000,0x000000001bc10000)]
  0x0000000019c8b000 JavaThread "C1 CompilerThread2" daemon [_thread_in_native, id=33688, stack(0x000000001b610000,0x000000001b710000)]
=>0x0000000019c84000 JavaThread "C2 CompilerThread1" daemon [_thread_in_native, id=24652, stack(0x000000001b510000,0x000000001b610000)]
  0x0000000019c94000 JavaThread "C2 CompilerThread0" daemon [_thread_in_native, id=31120, stack(0x000000001b410000,0x000000001b510000)]
  0x0000000019c92000 JavaThread "Attach Listener" daemon [_thread_blocked, id=30960, stack(0x000000001b310000,0x000000001b410000)]
  0x0000000019c90800 JavaThread "Signal Dispatcher" daemon [_thread_blocked, id=34224, stack(0x000000001b210000,0x000000001b310000)]
  0x0000000019c6c000 JavaThread "Finalizer" daemon [_thread_blocked, id=31164, stack(0x000000001aef0000,0x000000001aff0000)]
  0x0000000005186800 JavaThread "Reference Handler" daemon [_thread_blocked, id=25368, stack(0x000000001adf0000,0x000000001aef0000)]
  0x0000000005094800 JavaThread "main" [_thread_in_Java, id=31460, stack(0x0000000004f20000,0x0000000005020000)]

Other Threads:
  0x0000000019c47000 VMThread [stack: 0x000000001acf0000,0x000000001adf0000] [id=12296]
  0x000000001b767000 WatcherThread [stack: 0x000000001bc10000,0x000000001bd10000] [id=31932]

VM state:not at safepoint (normal execution)

VM Mutex/Monitor currently owned by a thread: None

Heap:
 PSYoungGen      total 141824K, used 26658K [0x00000000d6000000, 0x00000000e1880000, 0x0000000100000000)
  eden space 128000K, 10% used [0x00000000d6000000,0x00000000d6c90af0,0x00000000ddd00000)
  from space 13824K, 99% used [0x00000000e0b00000,0x00000000e1878028,0x00000000e1880000)
  to   space 10240K, 0% used [0x00000000ddd00000,0x00000000ddd00000,0x00000000de700000)
 ParOldGen       total 59392K, used 23288K [0x0000000082000000, 0x0000000085a00000, 0x00000000d6000000)
  object space 59392K, 39% used [0x0000000082000000,0x00000000836be230,0x0000000085a00000)
 Metaspace       used 49356K, capacity 50640K, committed 50944K, reserved 1093632K
  class space    used 6753K, capacity 7081K, committed 7168K, reserved 1048576K

Card table byte_map: [0x0000000014550000,0x0000000014950000] byte_map_base: 0x0000000014140000

Marking Bits: (ParMarkBitMap*) 0x0000000072040860
 Begin Bits: [0x0000000014ff0000, 0x0000000016f70000)
 End Bits:   [0x0000000016f70000, 0x0000000018ef0000)

Polling page: 0x0000000003660000

CodeCache: size=245760Kb used=19733Kb max_used=19733Kb free=226026Kb
 bounds [0x0000000005190000, 0x00000000064f0000, 0x0000000014190000]
 total_blobs=6690 nmethods=5984 adapters=618
 compilation: enabled

Compilation events (10 events):
Event: 8.515 Thread 0x0000000019c8b000 6392       3       com.google.common.util.concurrent.AbstractFuture::<init> (27 bytes)
Event: 8.515 Thread 0x0000000019c8b000 nmethod 6392 0x00000000064da490 code [0x00000000064da620, 0x00000000064daad0]
Event: 8.515 Thread 0x0000000019c8b000 6391       1       sun.nio.fs.WindowsNativeDispatcher$FirstFile::name (5 bytes)
Event: 8.515 Thread 0x0000000019c8b000 nmethod 6391 0x00000000064dad10 code [0x00000000064dae60, 0x00000000064daf70]
Event: 8.529 Thread 0x0000000019c8b000 6393       3       sun.nio.fs.WindowsPath::openForReadAttributeAccess (38 bytes)
Event: 8.529 Thread 0x0000000019c8b000 nmethod 6393 0x00000000064dafd0 code [0x00000000064db140, 0x00000000064db4f8]
Event: 8.529 Thread 0x0000000019c8b000 6394   !   3       sun.nio.fs.WindowsFileAttributes::readAttributes (117 bytes)
Event: 8.530 Thread 0x0000000019c8b000 nmethod 6394 0x00000000064db610 code [0x00000000064db8a0, 0x00000000064dc508]
Event: 8.549 Thread 0x0000000019c8b000 6397   !   3       java.nio.file.FileTreeWalker::visit (204 bytes)
Event: 8.550 Thread 0x0000000019c8b000 nmethod 6397 0x00000000064dd650 code [0x00000000064dd960, 0x00000000064df248]

GC Heap History (10 events):
Event: 4.594 GC heap before
{Heap before GC invocations=8 (full 1):
 PSYoungGen      total 110592K, used 110370K [0x00000000d6000000, 0x00000000df100000, 0x0000000100000000)
  eden space 103936K, 100% used [0x00000000d6000000,0x00000000dc580000,0x00000000dc580000)
  from space 6656K, 96% used [0x00000000dea80000,0x00000000df0c8910,0x00000000df100000)
  to   space 10240K, 0% used [0x00000000ddd00000,0x00000000ddd00000,0x00000000de700000)
 ParOldGen       total 59392K, used 8120K [0x0000000082000000, 0x0000000085a00000, 0x00000000d6000000)
  object space 59392K, 13% used [0x0000000082000000,0x00000000827ee160,0x0000000085a00000)
 Metaspace       used 32471K, capacity 32986K, committed 33408K, reserved 1077248K
  class space    used 4452K, capacity 4614K, committed 4736K, reserved 1048576K
Event: 4.614 GC heap after
Heap after GC invocations=8 (full 1):
 PSYoungGen      total 138240K, used 10235K [0x00000000d6000000, 0x00000000e1500000, 0x0000000100000000)
  eden space 128000K, 0% used [0x00000000d6000000,0x00000000d6000000,0x00000000ddd00000)
  from space 10240K, 99% used [0x00000000ddd00000,0x00000000de6feeb8,0x00000000de700000)
  to   space 11776K, 0% used [0x00000000e0980000,0x00000000e0980000,0x00000000e1500000)
 ParOldGen       total 59392K, used 8400K [0x0000000082000000, 0x0000000085a00000, 0x00000000d6000000)
  object space 59392K, 14% used [0x0000000082000000,0x0000000082834308,0x0000000085a00000)
 Metaspace       used 32471K, capacity 32986K, committed 33408K, reserved 1077248K
  class space    used 4452K, capacity 4614K, committed 4736K, reserved 1048576K
}
Event: 4.966 GC heap before
{Heap before GC invocations=9 (full 1):
 PSYoungGen      total 138240K, used 46588K [0x00000000d6000000, 0x00000000e1500000, 0x0000000100000000)
  eden space 128000K, 28% used [0x00000000d6000000,0x00000000d8380428,0x00000000ddd00000)
  from space 10240K, 99% used [0x00000000ddd00000,0x00000000de6feeb8,0x00000000de700000)
  to   space 11776K, 0% used [0x00000000e0980000,0x00000000e0980000,0x00000000e1500000)
 ParOldGen       total 59392K, used 8400K [0x0000000082000000, 0x0000000085a00000, 0x00000000d6000000)
  object space 59392K, 14% used [0x0000000082000000,0x0000000082834308,0x0000000085a00000)
 Metaspace       used 34586K, capacity 35138K, committed 35456K, reserved 1079296K
  class space    used 4728K, capacity 4901K, committed 4992K, reserved 1048576K
Event: 4.983 GC heap after
Heap after GC invocations=9 (full 1):
 PSYoungGen      total 139776K, used 11773K [0x00000000d6000000, 0x00000000e1500000, 0x0000000100000000)
  eden space 128000K, 0% used [0x00000000d6000000,0x00000000d6000000,0x00000000ddd00000)
  from space 11776K, 99% used [0x00000000e0980000,0x00000000e14ff7e0,0x00000000e1500000)
  to   space 10240K, 0% used [0x00000000ddd00000,0x00000000ddd00000,0x00000000de700000)
 ParOldGen       total 59392K, used 8659K [0x0000000082000000, 0x0000000085a00000, 0x00000000d6000000)
  object space 59392K, 14% used [0x0000000082000000,0x0000000082874fe8,0x0000000085a00000)
 Metaspace       used 34586K, capacity 35138K, committed 35456K, reserved 1079296K
  class space    used 4728K, capacity 4901K, committed 4992K, reserved 1048576K
}
Event: 4.983 GC heap before
{Heap before GC invocations=10 (full 2):
 PSYoungGen      total 139776K, used 11773K [0x00000000d6000000, 0x00000000e1500000, 0x0000000100000000)
  eden space 128000K, 0% used [0x00000000d6000000,0x00000000d6000000,0x00000000ddd00000)
  from space 11776K, 99% used [0x00000000e0980000,0x00000000e14ff7e0,0x00000000e1500000)
  to   space 10240K, 0% used [0x00000000ddd00000,0x00000000ddd00000,0x00000000de700000)
 ParOldGen       total 59392K, used 8659K [0x0000000082000000, 0x0000000085a00000, 0x00000000d6000000)
  object space 59392K, 14% used [0x0000000082000000,0x0000000082874fe8,0x0000000085a00000)
 Metaspace       used 34586K, capacity 35138K, committed 35456K, reserved 1079296K
  class space    used 4728K, capacity 4901K, committed 4992K, reserved 1048576K
Event: 5.097 GC heap after
Heap after GC invocations=10 (full 2):
 PSYoungGen      total 139776K, used 0K [0x00000000d6000000, 0x00000000e1500000, 0x0000000100000000)
  eden space 128000K, 0% used [0x00000000d6000000,0x00000000d6000000,0x00000000ddd00000)
  from space 11776K, 0% used [0x00000000e0980000,0x00000000e0980000,0x00000000e1500000)
  to   space 10240K, 0% used [0x00000000ddd00000,0x00000000ddd00000,0x00000000de700000)
 ParOldGen       total 59392K, used 19249K [0x0000000082000000, 0x0000000085a00000, 0x00000000d6000000)
  object space 59392K, 32% used [0x0000000082000000,0x00000000832cc5c8,0x0000000085a00000)
 Metaspace       used 34586K, capacity 35138K, committed 35456K, reserved 1079296K
  class space    used 4728K, capacity 4901K, committed 4992K, reserved 1048576K
}
Event: 6.689 GC heap before
{Heap before GC invocations=11 (full 2):
 PSYoungGen      total 139776K, used 128000K [0x00000000d6000000, 0x00000000e1500000, 0x0000000100000000)
  eden space 128000K, 100% used [0x00000000d6000000,0x00000000ddd00000,0x00000000ddd00000)
  from space 11776K, 0% used [0x00000000e0980000,0x00000000e0980000,0x00000000e1500000)
  to   space 10240K, 0% used [0x00000000ddd00000,0x00000000ddd00000,0x00000000de700000)
 ParOldGen       total 59392K, used 19249K [0x0000000082000000, 0x0000000085a00000, 0x00000000d6000000)
  object space 59392K, 32% used [0x0000000082000000,0x00000000832cc5c8,0x0000000085a00000)
 Metaspace       used 43102K, capacity 44014K, committed 44288K, reserved 1087488K
  class space    used 5868K, capacity 6122K, committed 6144K, reserved 1048576K
Event: 6.699 GC heap after
Heap after GC invocations=11 (full 2):
 PSYoungGen      total 138240K, used 10212K [0x00000000d6000000, 0x00000000e1880000, 0x0000000100000000)
  eden space 128000K, 0% used [0x00000000d6000000,0x00000000d6000000,0x00000000ddd00000)
  from space 10240K, 99% used [0x00000000ddd00000,0x00000000de6f91d0,0x00000000de700000)
  to   space 13824K, 0% used [0x00000000e0b00000,0x00000000e0b00000,0x00000000e1880000)
 ParOldGen       total 59392K, used 19570K [0x0000000082000000, 0x0000000085a00000, 0x00000000d6000000)
  object space 59392K, 32% used [0x0000000082000000,0x000000008331cb40,0x0000000085a00000)
 Metaspace       used 43102K, capacity 44014K, committed 44288K, reserved 1087488K
  class space    used 5868K, capacity 6122K, committed 6144K, reserved 1048576K
}
Event: 8.178 GC heap before
{Heap before GC invocations=12 (full 2):
 PSYoungGen      total 138240K, used 138212K [0x00000000d6000000, 0x00000000e1880000, 0x0000000100000000)
  eden space 128000K, 100% used [0x00000000d6000000,0x00000000ddd00000,0x00000000ddd00000)
  from space 10240K, 99% used [0x00000000ddd00000,0x00000000de6f91d0,0x00000000de700000)
  to   space 13824K, 0% used [0x00000000e0b00000,0x00000000e0b00000,0x00000000e1880000)
 ParOldGen       total 59392K, used 19570K [0x0000000082000000, 0x0000000085a00000, 0x00000000d6000000)
  object space 59392K, 32% used [0x0000000082000000,0x000000008331cb40,0x0000000085a00000)
 Metaspace       used 48334K, capacity 49628K, committed 49792K, reserved 1091584K
  class space    used 6622K, capacity 6963K, committed 7040K, reserved 1048576K
Event: 8.207 GC heap after
Heap after GC invocations=12 (full 2):
 PSYoungGen      total 141824K, used 13792K [0x00000000d6000000, 0x00000000e1880000, 0x0000000100000000)
  eden space 128000K, 0% used [0x00000000d6000000,0x00000000d6000000,0x00000000ddd00000)
  from space 13824K, 99% used [0x00000000e0b00000,0x00000000e1878028,0x00000000e1880000)
  to   space 10240K, 0% used [0x00000000ddd00000,0x00000000ddd00000,0x00000000de700000)
 ParOldGen       total 59392K, used 23288K [0x0000000082000000, 0x0000000085a00000, 0x00000000d6000000)
  object space 59392K, 39% used [0x0000000082000000,0x00000000836be230,0x0000000085a00000)
 Metaspace       used 48334K, capacity 49628K, committed 49792K, reserved 1091584K
  class space    used 6622K, capacity 6963K, committed 7040K, reserved 1048576K
}

Deoptimization events (10 events):
Event: 8.223 Thread 0x0000000005094800 Uncommon trap: reason=unstable_if action=reinterpret pc=0x0000000005a329dc method=java.lang.ThreadLocal$ThreadLocalMap.getEntry(Ljava/lang/ThreadLocal;)Ljava/lang/ThreadLocal$ThreadLocalMap$Entry; @ 29
Event: 8.326 Thread 0x0000000005094800 Uncommon trap: reason=unstable_if action=reinterpret pc=0x0000000005f40cac method=com.sun.org.apache.xerces.internal.impl.XMLEntityScanner.peekChar()I @ 51
Event: 8.326 Thread 0x0000000005094800 Uncommon trap: reason=unstable_if action=reinterpret pc=0x0000000005e860a4 method=com.sun.org.apache.xerces.internal.impl.XMLEntityScanner.scanContent(Lcom/sun/org/apache/xerces/internal/xni/XMLString;)I @ 127
Event: 8.389 Thread 0x0000000005094800 Uncommon trap: reason=unstable_if action=reinterpret pc=0x0000000006088a0c method=java.util.concurrent.ConcurrentHashMap.get(Ljava/lang/Object;)Ljava/lang/Object; @ 76
Event: 8.390 Thread 0x0000000005094800 Uncommon trap: reason=class_check action=maybe_recompile pc=0x0000000005c02cc0 method=java.util.concurrent.ConcurrentHashMap.putVal(Ljava/lang/Object;Ljava/lang/Object;Z)Ljava/lang/Object; @ 192
Event: 8.391 Thread 0x0000000005094800 Uncommon trap: reason=unstable_if action=reinterpret pc=0x0000000005c02d2c method=java.util.concurrent.ConcurrentHashMap.putVal(Ljava/lang/Object;Ljava/lang/Object;Z)Ljava/lang/Object; @ 206
Event: 8.397 Thread 0x0000000005094800 Uncommon trap: reason=bimorphic action=maybe_recompile pc=0x0000000005584808 method=java.io.DataOutputStream.write([BII)V @ 7
Event: 8.397 Thread 0x0000000005094800 Uncommon trap: reason=bimorphic action=maybe_recompile pc=0x0000000005584808 method=java.io.DataOutputStream.write([BII)V @ 7
Event: 8.400 Thread 0x0000000005094800 Uncommon trap: reason=unstable_if action=reinterpret pc=0x0000000005a2b424 method=com.esotericsoftware.kryo.io.Output.writeUtf8Length(I)V @ 4
Event: 8.415 Thread 0x0000000005094800 Uncommon trap: reason=unstable_if action=reinterpret pc=0x0000000005e88ff8 method=java.lang.String.regionMatches(ZILjava/lang/String;II)Z @ 102

Classes redefined (0 events):
No events

Internal exceptions (10 events):
Event: 8.169 Thread 0x0000000005094800 Exception <a 'java/lang/ClassNotFoundException': org/gradle/api/tasks/ExecCustomizer> (0x00000000ddc38850) thrown at [C:\re\workspace\8-2-build-windows-amd64-cygwin\jdk8u162\10278\hotspot\src\share\vm\classfile\systemDictionary.cpp, line 210]
Event: 8.169 Thread 0x0000000005094800 Exception <a 'java/lang/ClassNotFoundException': org/gradle/api/tasks/Exec_DecoratedCustomizer> (0x00000000ddc5a240) thrown at [C:\re\workspace\8-2-build-windows-amd64-cygwin\jdk8u162\10278\hotspot\src\share\vm\classfile\systemDictionary.cpp, line 210]
Event: 8.178 Thread 0x0000000005094800 Exception <a 'java/lang/ClassNotFoundException': react_8y7ln5jvloqsngit0pd1c0wnw$_run_closure1$_closure4$_closure5BeanInfo> (0x00000000ddcf4220) thrown at [C:\re\workspace\8-2-build-windows-amd64-cygwin\jdk8u162\10278\hotspot\src\share\vm\classfile\system
Event: 8.207 Thread 0x0000000005094800 Exception <a 'java/lang/ClassNotFoundException': react_8y7ln5jvloqsngit0pd1c0wnw$_run_closure1$_closure4$_closure5Customizer> (0x00000000d6002828) thrown at [C:\re\workspace\8-2-build-windows-amd64-cygwin\jdk8u162\10278\hotspot\src\share\vm\classfile\syst
Event: 8.209 Thread 0x0000000005094800 Exception <a 'java/lang/ClassNotFoundException': org/gradle/api/internal/tasks/DefaultTaskInputsBeanInfo> (0x00000000d6047be0) thrown at [C:\re\workspace\8-2-build-windows-amd64-cygwin\jdk8u162\10278\hotspot\src\share\vm\classfile\systemDictionary.cpp, li
Event: 8.210 Thread 0x0000000005094800 Exception <a 'java/lang/ClassNotFoundException': org/gradle/api/internal/tasks/DefaultTaskInputsCustomizer> (0x00000000d6058798) thrown at [C:\re\workspace\8-2-build-windows-amd64-cygwin\jdk8u162\10278\hotspot\src\share\vm\classfile\systemDictionary.cpp, 
Event: 8.212 Thread 0x0000000005094800 Exception <a 'java/lang/ClassNotFoundException': org/gradle/api/internal/tasks/DefaultTaskOutputsBeanInfo> (0x00000000d60987e0) thrown at [C:\re\workspace\8-2-build-windows-amd64-cygwin\jdk8u162\10278\hotspot\src\share\vm\classfile\systemDictionary.cpp, l
Event: 8.212 Thread 0x0000000005094800 Exception <a 'java/lang/ClassNotFoundException': org/gradle/api/internal/tasks/DefaultTaskOutputsCustomizer> (0x00000000d60a93a0) thrown at [C:\re\workspace\8-2-build-windows-amd64-cygwin\jdk8u162\10278\hotspot\src\share\vm\classfile\systemDictionary.cpp,
Event: 8.215 Thread 0x0000000005094800 Exception <a 'java/lang/ClassNotFoundException': org/apache/tools/ant/taskdefs/condition/OsBeanInfo> (0x00000000d60e6c60) thrown at [C:\re\workspace\8-2-build-windows-amd64-cygwin\jdk8u162\10278\hotspot\src\share\vm\classfile\systemDictionary.cpp, line 21
Event: 8.215 Thread 0x0000000005094800 Exception <a 'java/lang/ClassNotFoundException': org/apache/tools/ant/taskdefs/condition/OsCustomizer> (0x00000000d60f1288) thrown at [C:\re\workspace\8-2-build-windows-amd64-cygwin\jdk8u162\10278\hotspot\src\share\vm\classfile\systemDictionary.cpp, line 

Events (10 events):
Event: 8.414 loading class org/gradle/api/tasks/util/internal/CachingPatternSpecFactory$CacheKey done
Event: 8.414 loading class org/gradle/api/tasks/util/internal/CachingPatternSpecFactory$CachingSpec$1
Event: 8.414 loading class org/gradle/api/tasks/util/internal/CachingPatternSpecFactory$CachingSpec$1 done
Event: 8.415 Thread 0x0000000005094800 Uncommon trap: trap_request=0xffffff65 fr.pc=0x0000000005e88ff8
Event: 8.415 Thread 0x0000000005094800 DEOPT PACKING pc=0x0000000005e88ff8 sp=0x000000000501b310
Event: 8.415 Thread 0x0000000005094800 DEOPT UNPACKING pc=0x00000000051d583b sp=0x000000000501b298 mode 2
Event: 8.421 loading class org/fusesource/jansi/Ansi$Color
Event: 8.421 loading class org/fusesource/jansi/Ansi$Color done
Event: 8.424 loading class org/gradle/internal/logging/console/DefaultColorMap$ForegroundColor
Event: 8.424 loading class org/gradle/internal/logging/console/DefaultColorMap$ForegroundColor done


Dynamic libraries:
0x00007ff65e6d0000 - 0x00007ff65e707000 	C:\Program Files\Java\jdk1.8.0_162\bin\java.exe
0x00007ffa9dde0000 - 0x00007ffa9dfc0000 	C:\WINDOWS\SYSTEM32\ntdll.dll
0x00007ffa9c7a0000 - 0x00007ffa9c84e000 	C:\WINDOWS\System32\KERNEL32.DLL
0x00007ffa9a1e0000 - 0x00007ffa9a446000 	C:\WINDOWS\System32\KERNELBASE.dll
0x00007ffa9b470000 - 0x00007ffa9b511000 	C:\WINDOWS\System32\ADVAPI32.dll
0x00007ffa9c8c0000 - 0x00007ffa9c95d000 	C:\WINDOWS\System32\msvcrt.dll
0x00007ffa9c670000 - 0x00007ffa9c6cb000 	C:\WINDOWS\System32\sechost.dll
0x00007ffa9c0a0000 - 0x00007ffa9c1bf000 	C:\WINDOWS\System32\RPCRT4.dll
0x00007ffa9bb20000 - 0x00007ffa9bcaf000 	C:\WINDOWS\System32\USER32.dll
0x00007ffa9a6f0000 - 0x00007ffa9a710000 	C:\WINDOWS\System32\win32u.dll
0x00007ffa9b3c0000 - 0x00007ffa9b3e8000 	C:\WINDOWS\System32\GDI32.dll
0x00007ffa9a7b0000 - 0x00007ffa9a943000 	C:\WINDOWS\System32\gdi32full.dll
0x00007ffa9a710000 - 0x00007ffa9a7ab000 	C:\WINDOWS\System32\msvcp_win.dll
0x00007ffa9a950000 - 0x00007ffa9aa46000 	C:\WINDOWS\System32\ucrtbase.dll
0x00007ffa8e930000 - 0x00007ffa8eb99000 	C:\WINDOWS\WinSxS\amd64_microsoft.windows.common-controls_6595b64144ccf1df_6.0.16299.371_none_15c7d1789365a290\COMCTL32.dll
0x00007ffa9c360000 - 0x00007ffa9c668000 	C:\WINDOWS\System32\combase.dll
0x00007ffa9a4a0000 - 0x00007ffa9a512000 	C:\WINDOWS\System32\bcryptPrimitives.dll
0x00007ffa9c070000 - 0x00007ffa9c09d000 	C:\WINDOWS\System32\IMM32.DLL
0x00000000720c0000 - 0x0000000072191000 	C:\Program Files\Java\jdk1.8.0_162\jre\bin\msvcr100.dll
0x0000000071820000 - 0x00000000720c0000 	C:\Program Files\Java\jdk1.8.0_162\jre\bin\server\jvm.dll
0x00007ffa9c060000 - 0x00007ffa9c068000 	C:\WINDOWS\System32\PSAPI.DLL
0x00007ffa950e0000 - 0x00007ffa950ea000 	C:\WINDOWS\SYSTEM32\VERSION.dll
0x00007ffa96960000 - 0x00007ffa96983000 	C:\WINDOWS\SYSTEM32\WINMM.dll
0x00007ffa85a90000 - 0x00007ffa85a99000 	C:\WINDOWS\SYSTEM32\WSOCK32.dll
0x00007ffa9c850000 - 0x00007ffa9c8bc000 	C:\WINDOWS\System32\WS2_32.dll
0x00007ffa96900000 - 0x00007ffa9692a000 	C:\WINDOWS\SYSTEM32\WINMMBASE.dll
0x00007ffa9a450000 - 0x00007ffa9a49a000 	C:\WINDOWS\System32\cfgmgr32.dll
0x0000000071810000 - 0x000000007181f000 	C:\Program Files\Java\jdk1.8.0_162\jre\bin\verify.dll
0x00000000717e0000 - 0x0000000071809000 	C:\Program Files\Java\jdk1.8.0_162\jre\bin\java.dll
0x00000000717c0000 - 0x00000000717d6000 	C:\Program Files\Java\jdk1.8.0_162\jre\bin\zip.dll
0x00007ffa9c960000 - 0x00007ffa9dd96000 	C:\WINDOWS\System32\SHELL32.dll
0x00007ffa9c2b0000 - 0x00007ffa9c356000 	C:\WINDOWS\System32\shcore.dll
0x00007ffa9ab60000 - 0x00007ffa9b2a7000 	C:\WINDOWS\System32\windows.storage.dll
0x00007ffa9c1d0000 - 0x00007ffa9c221000 	C:\WINDOWS\System32\shlwapi.dll
0x00007ffa9a1a0000 - 0x00007ffa9a1b1000 	C:\WINDOWS\System32\kernel.appcore.dll
0x00007ffa9a130000 - 0x00007ffa9a17c000 	C:\WINDOWS\System32\powrprof.dll
0x00007ffa9a180000 - 0x00007ffa9a19b000 	C:\WINDOWS\System32\profapi.dll
0x00000000717a0000 - 0x00000000717ba000 	C:\Program Files\Java\jdk1.8.0_162\jre\bin\net.dll
0x00007ffa999c0000 - 0x00007ffa99a26000 	C:\WINDOWS\system32\mswsock.dll
0x0000000071780000 - 0x0000000071791000 	C:\Program Files\Java\jdk1.8.0_162\jre\bin\nio.dll
0x00007ffa80f90000 - 0x00007ffa80fa2000 	C:\Users\Sylvain\.gradle\native\19\windows-amd64\native-platform.dll
0x0000000180000000 - 0x0000000180037000 	C:\Users\Sylvain\.gradle\native\jna\win32-amd64\jnidispatch.dll
0x00007ffa99b80000 - 0x00007ffa99b97000 	C:\WINDOWS\SYSTEM32\CRYPTSP.dll
0x00007ffa995c0000 - 0x00007ffa995f3000 	C:\WINDOWS\system32\rsaenh.dll
0x00007ffa99c90000 - 0x00007ffa99cb5000 	C:\WINDOWS\SYSTEM32\bcrypt.dll
0x00007ffa9a060000 - 0x00007ffa9a089000 	C:\WINDOWS\SYSTEM32\USERENV.dll
0x00007ffa99ba0000 - 0x00007ffa99bab000 	C:\WINDOWS\SYSTEM32\CRYPTBASE.dll
0x00007ffa99750000 - 0x00007ffa99789000 	C:\WINDOWS\SYSTEM32\IPHLPAPI.DLL
0x00007ffa9dda0000 - 0x00007ffa9dda8000 	C:\WINDOWS\System32\NSI.dll
0x00007ffa93710000 - 0x00007ffa93726000 	C:\WINDOWS\SYSTEM32\dhcpcsvc6.DLL
0x00007ffa96030000 - 0x00007ffa9604a000 	C:\WINDOWS\SYSTEM32\dhcpcsvc.DLL
0x0000000071770000 - 0x000000007177d000 	C:\Program Files\Java\jdk1.8.0_162\jre\bin\management.dll

VM Arguments:
jvm_args: -Dorg.gradle.appname=gradlew 
java_command: org.gradle.wrapper.GradleWrapperMain installDebug
java_class_path (initial): C:\Users\Sylvain\Documents\lolol\android\\gradle\wrapper\gradle-wrapper.jar
Launcher Type: SUN_STANDARD

Environment Variables:
JAVA_HOME=C:\Program Files\Java\jdk1.8.0_162
CLASSPATH=C:\Users\Sylvain\Documents\lolol\android\\gradle\wrapper\gradle-wrapper.jar
USERNAME=Sylvain
OS=Windows_NT
PROCESSOR_IDENTIFIER=Intel64 Family 6 Model 142 Stepping 9, GenuineIntel



---------------  S Y S T E M  ---------------

OS: Windows 10.0 , 64 bit Build 16299 (10.0.16299.15)

CPU:total 4 (initial active 4) (2 cores per cpu, 2 threads per core) family 6 model 142 stepping 9, cmov, cx8, fxsr, mmx, sse, sse2, sse3, ssse3, sse4.1, sse4.2, popcnt, avx, avx2, aes, clmul, erms, 3dnowpref, lzcnt, ht, tsc, tscinvbit, bmi1, bmi2, adx

Memory: 4k page, physical 8253572k(963552k free), swap 23736832k(1064k free)

vm_info: Java HotSpot(TM) 64-Bit Server VM (25.162-b12) for windows-amd64 JRE (1.8.0_162-b12), built on Dec 19 2017 20:00:03 by "java_re" with MS VC++ 10.0 (VS2010)

time: Tue Apr 24 20:33:30 2018
elapsed time: 8 seconds (0d 0h 0m 8s)

