#
# There is insufficient memory for the Java Runtime Environment to continue.
# Native memory allocation (malloc) failed to allocate 32744 bytes for ChunkPool::allocate
# Possible reasons:
#   The system is out of physical RAM or swap space
#   In 32 bit mode, the process size limit was hit
# Possible solutions:
#   Reduce memory load on the system
#   Increase physical memory or swap space
#   Check if swap backing store is full
#   Use 64 bit Java on a 64 bit OS
#   Decrease Java heap size (-Xmx/-Xms)
#   Decrease number of Java threads
#   Decrease Java thread stack sizes (-Xss)
#   Set larger code cache with -XX:ReservedCodeCacheSize=
# This output file may be truncated or incomplete.
#
#  Out of Memory Error (allocation.cpp:273), pid=6960, tid=0x0000000000008278
#
# JRE version: Java(TM) SE Runtime Environment (8.0_162-b12) (build 1.8.0_162-b12)
# Java VM: Java HotSpot(TM) 64-Bit Server VM (25.162-b12 mixed mode windows-amd64 compressed oops)
# Failed to write core dump. Minidumps are not enabled by default on client versions of Windows
#

---------------  T H R E A D  ---------------

Current thread (0x0000000019ba4800):  JavaThread "C2 CompilerThread1" daemon [_thread_in_native, id=33400, stack(0x000000001b420000,0x000000001b520000)]

Stack: [0x000000001b420000,0x000000001b520000]
[error occurred during error reporting (printing stack bounds), id 0xc0000005]

Native frames: (J=compiled Java code, j=interpreted, Vv=VM code, C=native code)


Current CompileTask:
C2:   2051 1068       4       java.net.URLClassLoader$1::run (5 bytes)


---------------  P R O C E S S  ---------------

Java Threads: ( => current thread )
  0x000000001cf60000 JavaThread "pool-1-thread-1" [_thread_blocked, id=16712, stack(0x000000001c420000,0x000000001c520000)]
  0x000000001b64b800 JavaThread "Service Thread" daemon [_thread_blocked, id=31612, stack(0x000000001ba20000,0x000000001bb20000)]
  0x0000000019ba7800 JavaThread "C1 CompilerThread2" daemon [_thread_blocked, id=32084, stack(0x000000001b520000,0x000000001b620000)]
=>0x0000000019ba4800 JavaThread "C2 CompilerThread1" daemon [_thread_in_native, id=33400, stack(0x000000001b420000,0x000000001b520000)]
  0x0000000019ba0800 JavaThread "C2 CompilerThread0" daemon [_thread_in_native, id=34956, stack(0x000000001b320000,0x000000001b420000)]
  0x0000000019bb1000 JavaThread "Attach Listener" daemon [_thread_blocked, id=30848, stack(0x000000001b220000,0x000000001b320000)]
  0x0000000019bb0000 JavaThread "Signal Dispatcher" daemon [_thread_blocked, id=35108, stack(0x000000001b120000,0x000000001b220000)]
  0x0000000019b90000 JavaThread "Finalizer" daemon [_thread_blocked, id=15540, stack(0x000000001ae00000,0x000000001af00000)]
  0x00000000050a4800 JavaThread "Reference Handler" daemon [_thread_blocked, id=33860, stack(0x000000001ad00000,0x000000001ae00000)]
  0x0000000004fb4800 JavaThread "main" [_thread_in_vm, id=35728, stack(0x0000000004e50000,0x0000000004f50000)]

Other Threads:
  0x0000000019b67800 VMThread [stack: 0x000000001ac00000,0x000000001ad00000] [id=10528]
  0x0000000019bfe800 WatcherThread [stack: 0x000000001bb20000,0x000000001bc20000] [id=1628]

VM state:not at safepoint (normal execution)

VM Mutex/Monitor currently owned by a thread: None

Heap:
 PSYoungGen      total 37888K, used 24585K [0x00000000d6000000, 0x00000000d8a00000, 0x0000000100000000)
  eden space 32768K, 59% used [0x00000000d6000000,0x00000000d73067b8,0x00000000d8000000)
  from space 5120K, 99% used [0x00000000d8000000,0x00000000d84fc030,0x00000000d8500000)
  to   space 5120K, 0% used [0x00000000d8500000,0x00000000d8500000,0x00000000d8a00000)
 ParOldGen       total 86016K, used 4352K [0x0000000082000000, 0x0000000087400000, 0x00000000d6000000)
  object space 86016K, 5% used [0x0000000082000000,0x0000000082440308,0x0000000087400000)
 Metaspace       used 19061K, capacity 19324K, committed 19584K, reserved 1067008K
  class space    used 2545K, capacity 2641K, committed 2688K, reserved 1048576K

Card table byte_map: [0x0000000014470000,0x0000000014870000] byte_map_base: 0x0000000014060000

Marking Bits: (ParMarkBitMap*) 0x0000000072040860
 Begin Bits: [0x0000000014f10000, 0x0000000016e90000)
 End Bits:   [0x0000000016e90000, 0x0000000018e10000)

Polling page: 0x0000000003050000

CodeCache: size=245760Kb used=5647Kb max_used=5647Kb free=240112Kb
 bounds [0x00000000050b0000, 0x0000000005640000, 0x00000000140b0000]
 total_blobs=1911 nmethods=1306 adapters=517
 compilation: enabled

Compilation events (10 events):
Event: 2.018 Thread 0x0000000019ba7800 1312       3       java.lang.Long::bitCount (61 bytes)
Event: 2.018 Thread 0x0000000019ba7800 nmethod 1312 0x0000000005635310 code [0x0000000005635460, 0x0000000005635610]
Event: 2.026 Thread 0x0000000019ba7800 1316       2       sun.reflect.misc.ReflectUtil::checkPackageAccess (19 bytes)
Event: 2.026 Thread 0x0000000019ba7800 nmethod 1316 0x0000000005635690 code [0x0000000005635820, 0x0000000005635a18]
Event: 2.027 Thread 0x0000000019ba7800 1317   !   2       sun.reflect.generics.factory.CoreReflectionFactory::makeNamedType (21 bytes)
Event: 2.027 Thread 0x0000000019ba7800 nmethod 1317 0x0000000005635b50 code [0x0000000005635ce0, 0x0000000005635f08]
Event: 2.027 Thread 0x0000000019ba7800 1318       2       sun.reflect.generics.factory.CoreReflectionFactory::getDeclsLoader (85 bytes)
Event: 2.029 Thread 0x0000000019ba7800 nmethod 1318 0x0000000005636050 code [0x0000000005636280, 0x0000000005636bd8]
Event: 2.034 Thread 0x0000000019ba7800 1319       1       sun.reflect.generics.reflectiveObjects.TypeVariableImpl::getName (5 bytes)
Event: 2.034 Thread 0x0000000019ba7800 nmethod 1319 0x0000000005637610 code [0x0000000005637760, 0x0000000005637870]

GC Heap History (6 events):
Event: 0.689 GC heap before
{Heap before GC invocations=1 (full 0):
 PSYoungGen      total 37888K, used 32768K [0x00000000d6000000, 0x00000000d8a00000, 0x0000000100000000)
  eden space 32768K, 100% used [0x00000000d6000000,0x00000000d8000000,0x00000000d8000000)
  from space 5120K, 0% used [0x00000000d8500000,0x00000000d8500000,0x00000000d8a00000)
  to   space 5120K, 0% used [0x00000000d8000000,0x00000000d8000000,0x00000000d8500000)
 ParOldGen       total 86016K, used 0K [0x0000000082000000, 0x0000000087400000, 0x00000000d6000000)
  object space 86016K, 0% used [0x0000000082000000,0x0000000082000000,0x0000000087400000)
 Metaspace       used 8842K, capacity 9036K, committed 9216K, reserved 1056768K
  class space    used 1163K, capacity 1220K, committed 1280K, reserved 1048576K
Event: 0.693 GC heap after
Heap after GC invocations=1 (full 0):
 PSYoungGen      total 37888K, used 5109K [0x00000000d6000000, 0x00000000d8a00000, 0x0000000100000000)
  eden space 32768K, 0% used [0x00000000d6000000,0x00000000d6000000,0x00000000d8000000)
  from space 5120K, 99% used [0x00000000d8000000,0x00000000d84fd420,0x00000000d8500000)
  to   space 5120K, 0% used [0x00000000d8500000,0x00000000d8500000,0x00000000d8a00000)
 ParOldGen       total 86016K, used 100K [0x0000000082000000, 0x0000000087400000, 0x00000000d6000000)
  object space 86016K, 0% used [0x0000000082000000,0x0000000082019030,0x0000000087400000)
 Metaspace       used 8842K, capacity 9036K, committed 9216K, reserved 1056768K
  class space    used 1163K, capacity 1220K, committed 1280K, reserved 1048576K
}
Event: 1.034 GC heap before
{Heap before GC invocations=2 (full 0):
 PSYoungGen      total 37888K, used 37877K [0x00000000d6000000, 0x00000000d8a00000, 0x0000000100000000)
  eden space 32768K, 100% used [0x00000000d6000000,0x00000000d8000000,0x00000000d8000000)
  from space 5120K, 99% used [0x00000000d8000000,0x00000000d84fd420,0x00000000d8500000)
  to   space 5120K, 0% used [0x00000000d8500000,0x00000000d8500000,0x00000000d8a00000)
 ParOldGen       total 86016K, used 100K [0x0000000082000000, 0x0000000087400000, 0x00000000d6000000)
  object space 86016K, 0% used [0x0000000082000000,0x0000000082019030,0x0000000087400000)
 Metaspace       used 11226K, capacity 11428K, committed 11648K, reserved 1058816K
  class space    used 1543K, capacity 1612K, committed 1664K, reserved 1048576K
Event: 1.038 GC heap after
Heap after GC invocations=2 (full 0):
 PSYoungGen      total 37888K, used 5115K [0x00000000d6000000, 0x00000000d8a00000, 0x0000000100000000)
  eden space 32768K, 0% used [0x00000000d6000000,0x00000000d6000000,0x00000000d8000000)
  from space 5120K, 99% used [0x00000000d8500000,0x00000000d89fee28,0x00000000d8a00000)
  to   space 5120K, 0% used [0x00000000d8000000,0x00000000d8000000,0x00000000d8500000)
 ParOldGen       total 86016K, used 227K [0x0000000082000000, 0x0000000087400000, 0x00000000d6000000)
  object space 86016K, 0% used [0x0000000082000000,0x0000000082038ee0,0x0000000087400000)
 Metaspace       used 11226K, capacity 11428K, committed 11648K, reserved 1058816K
  class space    used 1543K, capacity 1612K, committed 1664K, reserved 1048576K
}
Event: 1.745 GC heap before
{Heap before GC invocations=3 (full 0):
 PSYoungGen      total 37888K, used 37883K [0x00000000d6000000, 0x00000000d8a00000, 0x0000000100000000)
  eden space 32768K, 100% used [0x00000000d6000000,0x00000000d8000000,0x00000000d8000000)
  from space 5120K, 99% used [0x00000000d8500000,0x00000000d89fee28,0x00000000d8a00000)
  to   space 5120K, 0% used [0x00000000d8000000,0x00000000d8000000,0x00000000d8500000)
 ParOldGen       total 86016K, used 227K [0x0000000082000000, 0x0000000087400000, 0x00000000d6000000)
  object space 86016K, 0% used [0x0000000082000000,0x0000000082038ee0,0x0000000087400000)
 Metaspace       used 17292K, capacity 17526K, committed 17920K, reserved 1064960K
  class space    used 2372K, capacity 2448K, committed 2560K, reserved 1048576K
Event: 1.757 GC heap after
Heap after GC invocations=3 (full 0):
 PSYoungGen      total 37888K, used 5104K [0x00000000d6000000, 0x00000000d8a00000, 0x0000000100000000)
  eden space 32768K, 0% used [0x00000000d6000000,0x00000000d6000000,0x00000000d8000000)
  from space 5120K, 99% used [0x00000000d8000000,0x00000000d84fc030,0x00000000d8500000)
  to   space 5120K, 0% used [0x00000000d8500000,0x00000000d8500000,0x00000000d8a00000)
 ParOldGen       total 86016K, used 4352K [0x0000000082000000, 0x0000000087400000, 0x00000000d6000000)
  object space 86016K, 5% used [0x0000000082000000,0x0000000082440308,0x0000000087400000)
 Metaspace       used 17292K, capacity 17526K, committed 17920K, reserved 1064960K
  class space    used 2372K, capacity 2448K, committed 2560K, reserved 1048576K
}

Deoptimization events (10 events):
Event: 1.423 Thread 0x0000000004fb4800 Uncommon trap: reason=unstable_if action=reinterpret pc=0x00000000052e4040 method=java.lang.AbstractStringBuilder.append(Ljava/lang/String;)Ljava/lang/AbstractStringBuilder; @ 1
Event: 1.725 Thread 0x0000000004fb4800 Uncommon trap: reason=bimorphic action=maybe_recompile pc=0x0000000005420a84 method=java.lang.ClassLoader.loadClass(Ljava/lang/String;Z)Ljava/lang/Class; @ 38
Event: 1.725 Thread 0x0000000004fb4800 Uncommon trap: reason=bimorphic action=maybe_recompile pc=0x0000000005420a84 method=java.lang.ClassLoader.loadClass(Ljava/lang/String;Z)Ljava/lang/Class; @ 38
Event: 1.726 Thread 0x0000000004fb4800 Uncommon trap: reason=class_check action=maybe_recompile pc=0x00000000052936f0 method=sun.misc.URLClassPath.getLoader(I)Lsun/misc/URLClassPath$Loader; @ 94
Event: 1.726 Thread 0x0000000004fb4800 Uncommon trap: reason=class_check action=maybe_recompile pc=0x00000000052ffeec method=sun.misc.URLClassPath.getResource(Ljava/lang/String;Z)Lsun/misc/Resource; @ 62
Event: 1.727 Thread 0x0000000004fb4800 Uncommon trap: reason=bimorphic action=maybe_recompile pc=0x0000000005420a84 method=java.lang.ClassLoader.loadClass(Ljava/lang/String;Z)Ljava/lang/Class; @ 38
Event: 1.727 Thread 0x0000000004fb4800 Uncommon trap: reason=bimorphic action=maybe_recompile pc=0x0000000005420a84 method=java.lang.ClassLoader.loadClass(Ljava/lang/String;Z)Ljava/lang/Class; @ 38
Event: 1.742 Thread 0x0000000004fb4800 Uncommon trap: reason=class_check action=maybe_recompile pc=0x0000000005293890 method=sun.misc.URLClassPath.getLoader(I)Lsun/misc/URLClassPath$Loader; @ 239
Event: 1.766 Thread 0x0000000004fb4800 Uncommon trap: reason=class_check action=maybe_recompile pc=0x0000000005293890 method=sun.misc.URLClassPath.getLoader(I)Lsun/misc/URLClassPath$Loader; @ 239
Event: 1.988 Thread 0x0000000004fb4800 Uncommon trap: reason=unstable_if action=reinterpret pc=0x00000000053bf820 method=java.util.HashMap.hash(Ljava/lang/Object;)I @ 1

Classes redefined (0 events):
No events

Internal exceptions (10 events):
Event: 1.812 Thread 0x0000000004fb4800 Exception <a 'java/lang/ClassNotFoundException': org/gradle/api/internal/project/AbstractPluginAwareBeanInfo> (0x00000000d6403020) thrown at [C:\re\workspace\8-2-build-windows-amd64-cygwin\jdk8u162\10278\hotspot\src\share\vm\classfile\systemDictionary.cpp
Event: 1.812 Thread 0x0000000004fb4800 Exception <a 'java/lang/ClassNotFoundException': org/gradle/api/internal/project/AbstractPluginAwareCustomizer> (0x00000000d6424570) thrown at [C:\re\workspace\8-2-build-windows-amd64-cygwin\jdk8u162\10278\hotspot\src\share\vm\classfile\systemDictionary.c
Event: 1.813 Thread 0x0000000004fb4800 Exception <a 'java/lang/ClassNotFoundException': org/gradle/initialization/BaseSettingsCustomizer> (0x00000000d6447048) thrown at [C:\re\workspace\8-2-build-windows-amd64-cygwin\jdk8u162\10278\hotspot\src\share\vm\classfile\systemDictionary.cpp, line 210]
Event: 1.819 Thread 0x0000000004fb4800 Exception <a 'java/lang/ClassNotFoundException': org/gradle/initialization/DefaultSettingsCustomizer> (0x00000000d648a148) thrown at [C:\re\workspace\8-2-build-windows-amd64-cygwin\jdk8u162\10278\hotspot\src\share\vm\classfile\systemDictionary.cpp, line 2
Event: 1.823 Thread 0x0000000004fb4800 Exception <a 'java/lang/ClassNotFoundException': org/gradle/initialization/DefaultSettings_DecoratedCustomizer> (0x00000000d64b06f0) thrown at [C:\re\workspace\8-2-build-windows-amd64-cygwin\jdk8u162\10278\hotspot\src\share\vm\classfile\systemDictionary.c
Event: 1.831 Thread 0x0000000004fb4800 Exception <a 'java/lang/ClassNotFoundException': org/gradle/initialization/DefaultProjectDescriptorBeanInfo> (0x00000000d654f358) thrown at [C:\re\workspace\8-2-build-windows-amd64-cygwin\jdk8u162\10278\hotspot\src\share\vm\classfile\systemDictionary.cpp,
Event: 1.832 Thread 0x0000000004fb4800 Exception <a 'java/lang/ClassNotFoundException': org/gradle/initialization/DefaultProjectDescriptorCustomizer> (0x00000000d656eb38) thrown at [C:\re\workspace\8-2-build-windows-amd64-cygwin\jdk8u162\10278\hotspot\src\share\vm\classfile\systemDictionary.cp
Event: 1.874 Thread 0x0000000004fb4800 Exception <a 'java/lang/ClassNotFoundException': java/io/FileBeanInfo> (0x00000000d68dfe90) thrown at [C:\re\workspace\8-2-build-windows-amd64-cygwin\jdk8u162\10278\hotspot\src\share\vm\classfile\systemDictionary.cpp, line 210]
Event: 1.874 Thread 0x0000000004fb4800 Exception <a 'java/lang/ClassNotFoundException': java/io/FileCustomizer> (0x00000000d68e1e58) thrown at [C:\re\workspace\8-2-build-windows-amd64-cygwin\jdk8u162\10278\hotspot\src\share\vm\classfile\systemDictionary.cpp, line 210]
Event: 1.988 Thread 0x0000000004fb4800 Implicit null exception at 0x00000000053bf615 to 0x00000000053bf811

Events (10 events):
Event: 2.038 loading class com/google/common/collect/Iterables$2
Event: 2.038 loading class com/google/common/collect/Iterables$2 done
Event: 2.038 loading class com/google/common/collect/FluentIterable$1
Event: 2.038 loading class com/google/common/collect/FluentIterable$1 done
Event: 2.039 loading class org/gradle/model/internal/registry/DefaultModelRegistry
Event: 2.039 loading class org/gradle/model/internal/registry/DefaultModelRegistry done
Event: 2.040 loading class org/gradle/model/internal/registry/ModelRegistryInternal
Event: 2.040 loading class org/gradle/model/internal/registry/ModelRegistryInternal done
Event: 2.041 loading class org/gradle/model/internal/core/ModelRuleExecutionException
Event: 2.041 loading class org/gradle/model/internal/core/ModelRuleExecutionException done


Dynamic libraries:
0x00007ff65e6d0000 - 0x00007ff65e707000 	C:\Program Files\Java\jdk1.8.0_162\bin\java.exe
0x00007ffa9dde0000 - 0x00007ffa9dfc0000 	C:\WINDOWS\SYSTEM32\ntdll.dll
0x00007ffa9c7a0000 - 0x00007ffa9c84e000 	C:\WINDOWS\System32\KERNEL32.DLL
0x00007ffa9a1e0000 - 0x00007ffa9a446000 	C:\WINDOWS\System32\KERNELBASE.dll
0x00007ffa9b470000 - 0x00007ffa9b511000 	C:\WINDOWS\System32\ADVAPI32.dll
0x00007ffa9c8c0000 - 0x00007ffa9c95d000 	C:\WINDOWS\System32\msvcrt.dll
0x00007ffa9c670000 - 0x00007ffa9c6cb000 	C:\WINDOWS\System32\sechost.dll
0x00007ffa9c0a0000 - 0x00007ffa9c1bf000 	C:\WINDOWS\System32\RPCRT4.dll
0x00007ffa9bb20000 - 0x00007ffa9bcaf000 	C:\WINDOWS\System32\USER32.dll
0x00007ffa9a6f0000 - 0x00007ffa9a710000 	C:\WINDOWS\System32\win32u.dll
0x00007ffa9b3c0000 - 0x00007ffa9b3e8000 	C:\WINDOWS\System32\GDI32.dll
0x00007ffa9a7b0000 - 0x00007ffa9a943000 	C:\WINDOWS\System32\gdi32full.dll
0x00007ffa9a710000 - 0x00007ffa9a7ab000 	C:\WINDOWS\System32\msvcp_win.dll
0x00007ffa9a950000 - 0x00007ffa9aa46000 	C:\WINDOWS\System32\ucrtbase.dll
0x00007ffa8e930000 - 0x00007ffa8eb99000 	C:\WINDOWS\WinSxS\amd64_microsoft.windows.common-controls_6595b64144ccf1df_6.0.16299.371_none_15c7d1789365a290\COMCTL32.dll
0x00007ffa9c360000 - 0x00007ffa9c668000 	C:\WINDOWS\System32\combase.dll
0x00007ffa9a4a0000 - 0x00007ffa9a512000 	C:\WINDOWS\System32\bcryptPrimitives.dll
0x00007ffa9c070000 - 0x00007ffa9c09d000 	C:\WINDOWS\System32\IMM32.DLL
0x00000000720c0000 - 0x0000000072191000 	C:\Program Files\Java\jdk1.8.0_162\jre\bin\msvcr100.dll
0x0000000071820000 - 0x00000000720c0000 	C:\Program Files\Java\jdk1.8.0_162\jre\bin\server\jvm.dll
0x00007ffa9c060000 - 0x00007ffa9c068000 	C:\WINDOWS\System32\PSAPI.DLL
0x00007ffa85a90000 - 0x00007ffa85a99000 	C:\WINDOWS\SYSTEM32\WSOCK32.dll
0x00007ffa96960000 - 0x00007ffa96983000 	C:\WINDOWS\SYSTEM32\WINMM.dll
0x00007ffa950e0000 - 0x00007ffa950ea000 	C:\WINDOWS\SYSTEM32\VERSION.dll
0x00007ffa9c850000 - 0x00007ffa9c8bc000 	C:\WINDOWS\System32\WS2_32.dll
0x00007ffa96900000 - 0x00007ffa9692a000 	C:\WINDOWS\SYSTEM32\WINMMBASE.dll
0x00007ffa9a450000 - 0x00007ffa9a49a000 	C:\WINDOWS\System32\cfgmgr32.dll
0x0000000071810000 - 0x000000007181f000 	C:\Program Files\Java\jdk1.8.0_162\jre\bin\verify.dll
0x00000000717e0000 - 0x0000000071809000 	C:\Program Files\Java\jdk1.8.0_162\jre\bin\java.dll
0x00000000717c0000 - 0x00000000717d6000 	C:\Program Files\Java\jdk1.8.0_162\jre\bin\zip.dll
0x00007ffa9c960000 - 0x00007ffa9dd96000 	C:\WINDOWS\System32\SHELL32.dll
0x00007ffa9c2b0000 - 0x00007ffa9c356000 	C:\WINDOWS\System32\shcore.dll
0x00007ffa9ab60000 - 0x00007ffa9b2a7000 	C:\WINDOWS\System32\windows.storage.dll
0x00007ffa9c1d0000 - 0x00007ffa9c221000 	C:\WINDOWS\System32\shlwapi.dll
0x00007ffa9a1a0000 - 0x00007ffa9a1b1000 	C:\WINDOWS\System32\kernel.appcore.dll
0x00007ffa9a130000 - 0x00007ffa9a17c000 	C:\WINDOWS\System32\powrprof.dll
0x00007ffa9a180000 - 0x00007ffa9a19b000 	C:\WINDOWS\System32\profapi.dll
0x00000000717a0000 - 0x00000000717ba000 	C:\Program Files\Java\jdk1.8.0_162\jre\bin\net.dll
0x00007ffa999c0000 - 0x00007ffa99a26000 	C:\WINDOWS\system32\mswsock.dll
0x0000000071780000 - 0x0000000071791000 	C:\Program Files\Java\jdk1.8.0_162\jre\bin\nio.dll
0x00007ffa80f90000 - 0x00007ffa80fa2000 	C:\Users\Sylvain\.gradle\native\19\windows-amd64\native-platform.dll
0x0000000180000000 - 0x0000000180037000 	C:\Users\Sylvain\.gradle\native\jna\win32-amd64\jnidispatch.dll
0x00007ffa99b80000 - 0x00007ffa99b97000 	C:\WINDOWS\SYSTEM32\CRYPTSP.dll
0x00007ffa995c0000 - 0x00007ffa995f3000 	C:\WINDOWS\system32\rsaenh.dll
0x00007ffa99c90000 - 0x00007ffa99cb5000 	C:\WINDOWS\SYSTEM32\bcrypt.dll
0x00007ffa9a060000 - 0x00007ffa9a089000 	C:\WINDOWS\SYSTEM32\USERENV.dll
0x00007ffa99ba0000 - 0x00007ffa99bab000 	C:\WINDOWS\SYSTEM32\CRYPTBASE.dll
0x00007ffa99750000 - 0x00007ffa99789000 	C:\WINDOWS\SYSTEM32\IPHLPAPI.DLL
0x00007ffa9dda0000 - 0x00007ffa9dda8000 	C:\WINDOWS\System32\NSI.dll
0x00007ffa93710000 - 0x00007ffa93726000 	C:\WINDOWS\SYSTEM32\dhcpcsvc6.DLL
0x00007ffa96030000 - 0x00007ffa9604a000 	C:\WINDOWS\SYSTEM32\dhcpcsvc.DLL
0x0000000071770000 - 0x000000007177d000 	C:\Program Files\Java\jdk1.8.0_162\jre\bin\management.dll

VM Arguments:
jvm_args: -Dorg.gradle.appname=gradlew 
java_command: org.gradle.wrapper.GradleWrapperMain installDebug
java_class_path (initial): C:\Users\Sylvain\Documents\lolol\android\\gradle\wrapper\gradle-wrapper.jar
Launcher Type: SUN_STANDARD

Environment Variables:
JAVA_HOME=C:\Program Files\Java\jdk1.8.0_162
CLASSPATH=C:\Users\Sylvain\Documents\lolol\android\\gradle\wrapper\gradle-wrapper.jar
USERNAME=Sylvain
OS=Windows_NT
PROCESSOR_IDENTIFIER=Intel64 Family 6 Model 142 Stepping 9, GenuineIntel



---------------  S Y S T E M  ---------------

OS: Windows 10.0 , 64 bit Build 16299 (10.0.16299.15)

CPU:total 4 (initial active 4) (2 cores per cpu, 2 threads per core) family 6 model 142 stepping 9, cmov, cx8, fxsr, mmx, sse, sse2, sse3, ssse3, sse4.1, sse4.2, popcnt, avx, avx2, aes, clmul, erms, 3dnowpref, lzcnt, ht, tsc, tscinvbit, bmi1, bmi2, adx

Memory: 4k page, physical 8253572k(1044788k free), swap 23736832k(3108k free)

vm_info: Java HotSpot(TM) 64-Bit Server VM (25.162-b12) for windows-amd64 JRE (1.8.0_162-b12), built on Dec 19 2017 20:00:03 by "java_re" with MS VC++ 10.0 (VS2010)

time: Tue Apr 24 20:31:48 2018
elapsed time: 2 seconds (0d 0h 0m 2s)

